[+] Containers:
 |- [+] Container: /Game/ThirdPerson/Maps/ThirdPersonMap
 |   |- [+] ActorDescs:
 |   |   |- Guid:0321217B4F9A048ABBE0D2A5B6B1F9EE BaseClass: NativeClass:/Script/Engine.StaticMeshActor Name:StaticMeshActor_UAID_D85ED30B92C6CD3502_1288219582 Label:Cube24 SpatiallyLoaded:1 Bounds:IsValid=true, Min=(X=1474.398 Y=5820.245 Z=2941.598), Max=(X=1536.368 Y=5854.355 Z=3182.842) RuntimeGrid:None EditorOnly:0 RuntimeOnly:0 HLODRelevant:1 ListedInSceneOutliner:1 IsMainWorldOnly:0
 |   |   |- Guid:05953CD04555AAA5A0B6308626ED4377 BaseClass: NativeClass:/Script/Engine.StaticMeshActor Name:StaticMeshActor_UAID_D85ED30B92C6CD3502_1288221583 Label:Cube25 SpatiallyLoaded:1 Bounds:IsValid=true, Min=(X=1333.679 Y=5820.245 Z=2941.598), Max=(X=1395.650 Y=5854.355 Z=3182.842) RuntimeGrid:None EditorOnly:0 RuntimeOnly:0 HLODRelevant:1 ListedInSceneOutliner:1 IsMainWorldOnly:0
 |   |   |- Guid:06CBCC2E47BE31096F82E7B8B881FB83 BaseClass:/Game/Platforms/Cam2_Platform1.Cam2_Platform1_C NativeClass:/Script/Engine.Actor Name:Platform1_Cam2_C_UAID_D85ED30B92C6C63502_2101402327 Label:Platform1_Cam8 SpatiallyLoaded:1 Bounds:IsValid=true, Min=(X=1972.268 Y=4282.621 Z=1113.211), Max=(X=2222.268 Y=4532.621 Z=1123.211) RuntimeGrid:None EditorOnly:0 RuntimeOnly:0 HLODRelevant:0 ListedInSceneOutliner:1 IsMainWorldOnly:0 FolderPath:Camera2Platforms FolderGuid:FF3DCC7E4318C42787CC448165D807D3
 |   |   |- Guid:0B308F1444089BE34C30898BAD3B1754 BaseClass: NativeClass:/Script/Engine.StaticMeshActor Name:StaticMeshActor_UAID_D85ED30B92C6CD3502_1152998574 Label:Cube18 SpatiallyLoaded:1 Bounds:IsValid=true, Min=(X=1385.343 Y=5539.669 Z=3050.945), Max=(X=1394.826 Y=5640.280 Z=3071.172) RuntimeGrid:None EditorOnly:0 RuntimeOnly:0 HLODRelevant:1 ListedInSceneOutliner:1 IsMainWorldOnly:0
 |   |   |- Guid:0B41A34745A7E99F5EED94999F4A7C74 BaseClass: NativeClass:/Script/Engine.StaticMeshActor Name:StaticMeshActor_UAID_D85ED30B92C6CC3502_2098797390 Label:Cube10 SpatiallyLoaded:1 Bounds:IsValid=true, Min=(X=1394.697 Y=5538.848 Z=2766.244), Max=(X=1475.169 Y=5638.848 Z=2776.406) RuntimeGrid:None EditorOnly:0 RuntimeOnly:0 HLODRelevant:1 ListedInSceneOutliner:1 IsMainWorldOnly:0
 |   |   |- Guid:0E567472474A63B26FB6FCA93C8A16F2 BaseClass: NativeClass:/Script/Engine.StaticMeshActor Name:StaticMeshActor_UAID_D85ED30B92C6B83502_2067950850 Label:Cube SpatiallyLoaded:1 Bounds:IsValid=true, Min=(X=1153.983 Y=848.422 Z=124.772), Max=(X=1411.282 Y=1105.721 Z=134.772) RuntimeGrid:None EditorOnly:0 RuntimeOnly:0 HLODRelevant:1 ListedInSceneOutliner:1 IsMainWorldOnly:0
 |   |   |- Guid:1060921444B7D1316247628018C354E6 BaseClass:/Game/Platforms/Cam1_Platform1.Cam1_Platform1_C NativeClass:/Script/Engine.Actor Name:Platform1_Cam1_C_UAID_D85ED30B92C6CF3502_1330053939 Label:Platform1_Cam9 SpatiallyLoaded:1 Bounds:IsValid=true, Min=(X=1473.720 Y=4769.200 Z=1156.056), Max=(X=1551.309 Y=4846.789 Z=1166.056) RuntimeGrid:None EditorOnly:0 RuntimeOnly:0 HLODRelevant:0 ListedInSceneOutliner:1 IsMainWorldOnly:0 FolderPath:Camera1Platforms FolderGuid:DAED99B947D616ACB1DB6E9657F07722
 |   |   |- Guid:2926990C429C0B6C6A5F7D82433E146A BaseClass: NativeClass:/Script/Engine.StaticMeshActor Name:StaticMeshActor_UAID_D85ED30B92C6CD3502_1220173577 Label:Cube15 SpatiallyLoaded:1 Bounds:IsValid=true, Min=(X=1394.697 Y=5177.591 Z=2881.366), Max=(X=1475.169 Y=5277.591 Z=3144.743) RuntimeGrid:None EditorOnly:0 RuntimeOnly:0 HLODRelevant:1 ListedInSceneOutliner:1 IsMainWorldOnly:0
 |   |   |- Guid:2CEC872C4C11A22BBFDB8CBE38DB46B8 BaseClass: NativeClass:/Script/Engine.StaticMeshActor Name:StaticMeshActor_UAID_D85ED30B92C6CD3502_1288222584 Label:Cube26 SpatiallyLoaded:1 Bounds:IsValid=true, Min=(X=1394.697 Y=5820.224 Z=2941.721), Max=(X=1475.169 Y=5854.376 Z=2951.883) RuntimeGrid:None EditorOnly:0 RuntimeOnly:0 HLODRelevant:1 ListedInSceneOutliner:1 IsMainWorldOnly:0
 |   |   |- Guid:2FB58999456391D349DC0F86DAC136ED BaseClass: NativeClass:/Script/Engine.SkyLight Name:SkyLight_1 Label:SkyLight SpatiallyLoaded:0 Bounds:IsValid=true, Min=(X=0.000 Y=0.000 Z=690.000), Max=(X=0.000 Y=0.000 Z=690.000) RuntimeGrid:None EditorOnly:0 RuntimeOnly:0 HLODRelevant:0 ListedInSceneOutliner:1 IsMainWorldOnly:0 FolderPath:Lighting FolderGuid:963EC3EB4002CCE9759E2EBA541A873A
 |   |   |- Guid:3073116B492CA8616D0D829135C74BED BaseClass: NativeClass:/Script/Engine.StaticMeshActor Name:StaticMeshActor_UAID_D85ED30B92C6CC3502_2058901388 Label:Cube8 SpatiallyLoaded:1 Bounds:IsValid=true, Min=(X=1474.398 Y=5538.848 Z=2775.587), Max=(X=1536.368 Y=5638.848 Z=2997.898) RuntimeGrid:None EditorOnly:0 RuntimeOnly:0 HLODRelevant:1 ListedInSceneOutliner:1 IsMainWorldOnly:0
 |   |   |- Guid:316CF2A6494ACA4C0E4180A87D36AB8F BaseClass: NativeClass:/Script/Engine.ExponentialHeightFog Name:ExponentialHeightFog_0 Label:ExponentialHeightFog SpatiallyLoaded:0 Bounds:IsValid=true, Min=(X=-5600.000 Y=-50.000 Z=-6850.000), Max=(X=-5600.000 Y=-50.000 Z=-6850.000) RuntimeGrid:None EditorOnly:0 RuntimeOnly:0 HLODRelevant:0 ListedInSceneOutliner:1 IsMainWorldOnly:0 FolderPath:Lighting FolderGuid:963EC3EB4002CCE9759E2EBA541A873A
 |   |   |- Guid:31E31A1449D9BD2DDCEEC1ABC5FB40EA BaseClass:/Game/Platforms/Cam1_Platform1.Cam1_Platform1_C NativeClass:/Script/Engine.Actor Name:Platform1_Cam1_C_UAID_D85ED30B92C6BB3502_1939050380 Label:Platform1_Cam3 SpatiallyLoaded:1 Bounds:IsValid=true, Min=(X=2676.391 Y=1246.542 Z=686.587), Max=(X=2926.391 Y=1496.542 Z=696.587) RuntimeGrid:None EditorOnly:0 RuntimeOnly:0 HLODRelevant:0 ListedInSceneOutliner:1 IsMainWorldOnly:0 FolderPath:Camera1Platforms FolderGuid:DAED99B947D616ACB1DB6E9657F07722
 |   |   |- Guid:3A00AA1C422CE54C0BDB60BAF471BFBB BaseClass: NativeClass:/Script/Engine.PlayerStart Name:PlayerStart_0 Label:PlayerStart SpatiallyLoaded:0 Bounds:IsValid=true, Min=(X=1277.640 Y=317.450 Z=-10.204), Max=(X=1357.640 Y=397.450 Z=173.796) RuntimeGrid:None EditorOnly:0 RuntimeOnly:0 HLODRelevant:0 ListedInSceneOutliner:1 IsMainWorldOnly:0
 |   |   |- Guid:3C969D62427308B7BB5D64A2C53DA47A BaseClass: NativeClass:/Script/Engine.StaticMeshActor Name:StaticMeshActor_UAID_D85ED30B92C6BB3502_1904884379 Label:Cube2 SpatiallyLoaded:1 Bounds:IsValid=true, Min=(X=1655.836 Y=951.387 Z=535.431), Max=(X=1913.135 Y=1208.686 Z=545.431) RuntimeGrid:None EditorOnly:0 RuntimeOnly:0 HLODRelevant:1 ListedInSceneOutliner:1 IsMainWorldOnly:0
 |   |   |- Guid:3ECDE8A5450053BCF6117D91F2568A08 BaseClass: NativeClass:/Script/Engine.StaticMeshActor Name:StaticMeshActor_UAID_D85ED30B92C6C23502_1987132616 Label:Cube3 SpatiallyLoaded:1 Bounds:IsValid=true, Min=(X=1970.029 Y=4028.978 Z=946.218), Max=(X=2227.328 Y=4038.978 Z=1524.337) RuntimeGrid:None EditorOnly:0 RuntimeOnly:0 HLODRelevant:1 ListedInSceneOutliner:1 IsMainWorldOnly:0
 |   |   |- Guid:43815E84492231AFC407F59E3C28176B BaseClass: NativeClass:/Script/Engine.StaticMeshActor Name:StaticMeshActor_4 Label:SM_Cube6 SpatiallyLoaded:1 Bounds:IsValid=true, Min=(X=2900.000 Y=100.000 Z=0.000), Max=(X=3000.000 Y=3400.000 Z=1875.000) RuntimeGrid:None EditorOnly:0 RuntimeOnly:0 HLODRelevant:1 ListedInSceneOutliner:1 IsMainWorldOnly:0 FolderPath:Playground FolderGuid:C73F09FC4215536B1DCE2A9E0A830C70
 |   |   |- Guid:4D3BE93F4146AAAC8BBE79999D96D57F BaseClass: NativeClass:/Script/Engine.VolumetricCloud Name:VolumetricCloud_0 Label:VolumetricCloud SpatiallyLoaded:0 Bounds:IsValid=true, Min=(X=0.000 Y=0.000 Z=820.000), Max=(X=0.000 Y=0.000 Z=820.000) RuntimeGrid:None EditorOnly:0 RuntimeOnly:0 HLODRelevant:0 ListedInSceneOutliner:1 IsMainWorldOnly:0 FolderPath:Lighting FolderGuid:963EC3EB4002CCE9759E2EBA541A873A
 |   |   |- Guid:50F9DF004EF1B74619E7568EF7C7E8D8 BaseClass: NativeClass:/Script/Engine.StaticMeshActor Name:StaticMeshActor_UAID_D85ED30B92C6CD3502_1205262576 Label:Cube20 SpatiallyLoaded:1 Bounds:IsValid=true, Min=(X=1385.343 Y=5177.474 Z=1329.519), Max=(X=1394.826 Y=5278.084 Z=1349.745) RuntimeGrid:None EditorOnly:0 RuntimeOnly:0 HLODRelevant:1 ListedInSceneOutliner:1 IsMainWorldOnly:0
 |   |   |- Guid:562D1CFD479A3A508CAF09AD03035922 BaseClass:/Game/Platforms/Cam1_Platform1.Cam1_Platform1_C NativeClass:/Script/Engine.Actor Name:Platform1_Cam1_C_UAID_D85ED30B92C6B83502_1885791847 Label:Platform1_Cam1 SpatiallyLoaded:1 Bounds:IsValid=true, Min=(X=1155.811 Y=582.833 Z=124.267), Max=(X=1405.811 Y=832.833 Z=134.267) RuntimeGrid:None EditorOnly:0 RuntimeOnly:0 HLODRelevant:0 ListedInSceneOutliner:1 IsMainWorldOnly:0 FolderPath:Camera1Platforms FolderGuid:DAED99B947D616ACB1DB6E9657F07722
 |   |   |- Guid:5782DBA24B6DA642E84EA788D944338E BaseClass: NativeClass:/Script/Engine.StaticMeshActor Name:StaticMeshActor_UAID_D85ED30B92C6CC3502_2111528393 Label:Cube13 SpatiallyLoaded:1 Bounds:IsValid=true, Min=(X=1333.679 Y=5202.140 Z=2658.330), Max=(X=1395.650 Y=5253.333 Z=2880.641) RuntimeGrid:None EditorOnly:0 RuntimeOnly:0 HLODRelevant:1 ListedInSceneOutliner:1 IsMainWorldOnly:0
 |   |   |- Guid:57C08E4A45B26AFB9D9000A0295A7A7A BaseClass: NativeClass:/Script/Engine.StaticMeshActor Name:StaticMeshActor_UAID_D85ED30B92C6CD3502_1220177581 Label:Cube23 SpatiallyLoaded:1 Bounds:IsValid=true, Min=(X=1475.171 Y=5177.328 Z=2933.688), Max=(X=1484.653 Y=5277.939 Z=2953.915) RuntimeGrid:None EditorOnly:0 RuntimeOnly:0 HLODRelevant:1 ListedInSceneOutliner:1 IsMainWorldOnly:0
 |   |   |- Guid:5C5107084CE6747E96E388B81BBFD8C8 BaseClass: NativeClass:/Script/Engine.StaticMeshActor Name:StaticMeshActor_UAID_D85ED30B92C6CF3502_1430894941 Label:Cube5 SpatiallyLoaded:1 Bounds:IsValid=true, Min=(X=993.191 Y=5010.031 Z=1231.798), Max=(X=1084.272 Y=5101.112 Z=1241.798) RuntimeGrid:None EditorOnly:0 RuntimeOnly:0 HLODRelevant:1 ListedInSceneOutliner:1 IsMainWorldOnly:0
 |   |   |- Guid:61E7E77F47471B0F31C128BFADEA6E03 BaseClass: NativeClass:/Script/Engine.StaticMeshActor Name:StaticMeshActor_UAID_D85ED30B92C6CD3502_1139826573 Label:Cube17 SpatiallyLoaded:1 Bounds:IsValid=true, Min=(X=1394.697 Y=5530.222 Z=3050.945), Max=(X=1475.169 Y=5539.705 Z=3071.172) RuntimeGrid:None EditorOnly:0 RuntimeOnly:0 HLODRelevant:1 ListedInSceneOutliner:1 IsMainWorldOnly:0
 |   |   |- Guid:6BAF4DDD444C60371492D3919DB42C97 BaseClass: NativeClass:/Script/Engine.WorldDataLayers Name:WorldDataLayers Label:WorldDataLayers SpatiallyLoaded:0 Bounds:IsValid=true, Min=(X=0.000 Y=0.000 Z=0.000), Max=(X=0.000 Y=0.000 Z=0.000) RuntimeGrid:None EditorOnly:0 RuntimeOnly:0 HLODRelevant:0 ListedInSceneOutliner:1 IsMainWorldOnly:1
 |   |   |- Guid:6C90DAE2463E9F6A6DBE179591406C5A BaseClass:/Game/Platforms/Cam1_Platform1.Cam1_Platform1_C NativeClass:/Script/Engine.Actor Name:Platform1_Cam1_C_UAID_D85ED30B92C6BC3502_1297416558 Label:Platform1_Cam5 SpatiallyLoaded:1 Bounds:IsValid=true, Min=(X=801.485 Y=2985.092 Z=888.961), Max=(X=1051.485 Y=3235.092 Z=898.961) RuntimeGrid:None EditorOnly:0 RuntimeOnly:0 HLODRelevant:0 ListedInSceneOutliner:1 IsMainWorldOnly:0 FolderPath:Camera1Platforms FolderGuid:DAED99B947D616ACB1DB6E9657F07722
 |   |   |- Guid:7B342E3C46AE28D566B733BF34CE1724 BaseClass: NativeClass:/Script/Engine.StaticMeshActor Name:StaticMeshActor_UAID_D85ED30B92C6CD3502_1220175579 Label:Cube21 SpatiallyLoaded:1 Bounds:IsValid=true, Min=(X=1394.697 Y=5167.881 Z=2933.688), Max=(X=1475.169 Y=5177.364 Z=2953.915) RuntimeGrid:None EditorOnly:0 RuntimeOnly:0 HLODRelevant:1 ListedInSceneOutliner:1 IsMainWorldOnly:0
 |   |   |- Guid:85A296144107BD40AB90FC93438CB8C9 BaseClass:/Game/Platforms/Cam2_Platform1.Cam2_Platform1_C NativeClass:/Script/Engine.Actor Name:Platform1_Cam2_C_UAID_D85ED30B92C6B83502_1888316848 Label:Platform1_Cam2 SpatiallyLoaded:1 Bounds:IsValid=true, Min=(X=1161.260 Y=1177.423 Z=228.546), Max=(X=1411.260 Y=1427.423 Z=238.546) RuntimeGrid:None EditorOnly:0 RuntimeOnly:0 HLODRelevant:0 ListedInSceneOutliner:1 IsMainWorldOnly:0 FolderPath:Camera2Platforms FolderGuid:FF3DCC7E4318C42787CC448165D807D3
 |   |   |- Guid:86FBBB744C992ACD474338A658B7AF54 BaseClass: NativeClass:/Script/Engine.StaticMeshActor Name:StaticMeshActor_UAID_D85ED30B92C6CC3502_2078856389 Label:Cube9 SpatiallyLoaded:1 Bounds:IsValid=true, Min=(X=1333.679 Y=5538.848 Z=2775.587), Max=(X=1395.650 Y=5638.848 Z=2997.898) RuntimeGrid:None EditorOnly:0 RuntimeOnly:0 HLODRelevant:1 ListedInSceneOutliner:1 IsMainWorldOnly:0
 |   |   |- Guid:90B44E8F4C539382B8738F8E268C3DA6 BaseClass: NativeClass:/Script/Engine.StaticMeshActor Name:StaticMeshActor_UAID_D85ED30B92C6CD3502_1301965585 Label:Cube27 SpatiallyLoaded:1 Bounds:IsValid=true, Min=(X=1394.697 Y=5819.456 Z=3181.432), Max=(X=1475.169 Y=5853.566 Z=3232.499) RuntimeGrid:None EditorOnly:0 RuntimeOnly:0 HLODRelevant:1 ListedInSceneOutliner:1 IsMainWorldOnly:0
 |   |   |- Guid:9225EC024F051353014AB29C0D6F779B BaseClass: NativeClass:/Script/Engine.StaticMeshActor Name:StaticMeshActor_UAID_D85ED30B92C6CD3502_1328874586 Label:Cube28 SpatiallyLoaded:1 Bounds:IsValid=true, Min=(X=1394.697 Y=5844.379 Z=2950.682), Max=(X=1475.169 Y=5853.862 Z=2970.909) RuntimeGrid:None EditorOnly:0 RuntimeOnly:0 HLODRelevant:1 ListedInSceneOutliner:1 IsMainWorldOnly:0
 |   |   |- Guid:9A72CB844FAF8E67630B359F6FA73D7C BaseClass: NativeClass:/Script/Engine.StaticMeshActor Name:StaticMeshActor_UAID_D85ED30B92C6CD3502_1195084575 Label:Cube19 SpatiallyLoaded:1 Bounds:IsValid=true, Min=(X=1475.171 Y=5539.669 Z=3050.945), Max=(X=1484.653 Y=5640.280 Z=3071.172) RuntimeGrid:None EditorOnly:0 RuntimeOnly:0 HLODRelevant:1 ListedInSceneOutliner:1 IsMainWorldOnly:0
 |   |   |- Guid:A414553B436A210263A2C38D1702495D BaseClass:/Game/Platforms/SM_SlideSlope.SM_SlideSlope_C NativeClass:/Script/Engine.StaticMeshActor Name:SM_SlideSlope_C_UAID_D85ED30B92C6953102_1713365467 Label:SM_SlideSlope SpatiallyLoaded:1 Bounds:IsValid=true, Min=(X=28.933 Y=3337.108 Z=-50.000), Max=(X=3028.933 Y=24999.308 Z=7954.470) RuntimeGrid:None EditorOnly:0 RuntimeOnly:0 HLODRelevant:1 ListedInSceneOutliner:1 IsMainWorldOnly:0
 |   |   |- Guid:A56216954B2165CF0F35A886B537D536 BaseClass: NativeClass:/Script/Engine.StaticMeshActor Name:StaticMeshActor_0 Label:SM_Cube5 SpatiallyLoaded:1 Bounds:IsValid=true, Min=(X=-0.000 Y=100.000 Z=0.000), Max=(X=100.000 Y=3400.000 Z=1875.000) RuntimeGrid:None EditorOnly:0 RuntimeOnly:0 HLODRelevant:1 ListedInSceneOutliner:1 IsMainWorldOnly:0 FolderPath:Playground FolderGuid:C73F09FC4215536B1DCE2A9E0A830C70
 |   |   |- Guid:A593CFAD4D415657F0BDE0BF476CA314 BaseClass:/Game/Platforms/Cam2_Platform1.Cam2_Platform1_C NativeClass:/Script/Engine.Actor Name:Platform1_Cam2_C_UAID_D85ED30B92C6BC3502_1265848557 Label:Platform1_Cam4 SpatiallyLoaded:1 Bounds:IsValid=true, Min=(X=1925.332 Y=2145.151 Z=792.793), Max=(X=2175.332 Y=2395.151 Z=802.793) RuntimeGrid:None EditorOnly:0 RuntimeOnly:0 HLODRelevant:0 ListedInSceneOutliner:1 IsMainWorldOnly:0 FolderPath:Camera2Platforms FolderGuid:FF3DCC7E4318C42787CC448165D807D3
 |   |   |- Guid:A87C898E40AB629A32115EAE09F98587 BaseClass: NativeClass:/Script/Engine.StaticMeshActor Name:StaticMeshActor_UAID_D85ED30B92C6953102_1615996466 Label:SM_Cube4 SpatiallyLoaded:1 Bounds:IsValid=true, Min=(X=-0.000 Y=24321.864 Z=7851.723), Max=(X=3000.000 Y=25057.121 Z=9647.849) RuntimeGrid:None EditorOnly:0 RuntimeOnly:0 HLODRelevant:1 ListedInSceneOutliner:1 IsMainWorldOnly:0 FolderPath:Playground FolderGuid:C73F09FC4215536B1DCE2A9E0A830C70
 |   |   |- Guid:B785ED2844B84CFB91E7F39FE661CD99 BaseClass: NativeClass:/Script/Engine.DirectionalLight Name:DirectionalLight_0 Label:DirectionalLight SpatiallyLoaded:0 Bounds:IsValid=true, Min=(X=-1048576.000 Y=-1048576.000 Z=-1048576.000), Max=(X=1048576.000 Y=1048576.000 Z=1048576.000) RuntimeGrid:None EditorOnly:0 RuntimeOnly:0 HLODRelevant:0 ListedInSceneOutliner:1 IsMainWorldOnly:0 FolderPath:Lighting FolderGuid:963EC3EB4002CCE9759E2EBA541A873A
 |   |   |- Guid:B88B925640FA90BF84E203AE34B3C49F BaseClass: NativeClass:/Script/Engine.StaticMeshActor Name:StaticMeshActor_UAID_D85ED30B92C6C23502_2093330621 Label:Cube4 SpatiallyLoaded:1 Bounds:IsValid=true, Min=(X=1970.029 Y=4275.561 Z=1028.387), Max=(X=2227.328 Y=4285.561 Z=1606.506) RuntimeGrid:None EditorOnly:0 RuntimeOnly:0 HLODRelevant:1 ListedInSceneOutliner:1 IsMainWorldOnly:0
 |   |   |- Guid:BAC2DB4E4D0B3C4CE00D179390B0742C BaseClass:/Game/Platforms/Cam1_Platform1.Cam1_Platform1_C NativeClass:/Script/Engine.Actor Name:Platform1_Cam1_C_UAID_D85ED30B92C6C23502_2054414617 Label:Platform1_Cam7 SpatiallyLoaded:1 Bounds:IsValid=true, Min=(X=1972.752 Y=4035.585 Z=1028.315), Max=(X=2222.752 Y=4285.585 Z=1038.315) RuntimeGrid:None EditorOnly:0 RuntimeOnly:0 HLODRelevant:0 ListedInSceneOutliner:1 IsMainWorldOnly:0 FolderPath:Camera1Platforms FolderGuid:DAED99B947D616ACB1DB6E9657F07722
 |   |   |- Guid:BC08B79C4EA3C961CFF75EBBE83B367D BaseClass: NativeClass:/Script/Engine.StaticMeshActor Name:StaticMeshActor_5 Label:SM_Cube2 SpatiallyLoaded:1 Bounds:IsValid=true, Min=(X=0.000 Y=0.000 Z=0.000), Max=(X=3000.000 Y=100.000 Z=1875.000) RuntimeGrid:None EditorOnly:0 RuntimeOnly:0 HLODRelevant:1 ListedInSceneOutliner:1 IsMainWorldOnly:0 FolderPath:Playground FolderGuid:C73F09FC4215536B1DCE2A9E0A830C70
 |   |   |- Guid:C49976044406FADD1D79BA93BFA51524 BaseClass: NativeClass:/Script/Engine.StaticMeshActor Name:StaticMeshActor_UAID_D85ED30B92C6CD3502_1220176580 Label:Cube22 SpatiallyLoaded:1 Bounds:IsValid=true, Min=(X=1385.343 Y=5177.328 Z=2933.688), Max=(X=1394.826 Y=5277.939 Z=2953.915) RuntimeGrid:None EditorOnly:0 RuntimeOnly:0 HLODRelevant:1 ListedInSceneOutliner:1 IsMainWorldOnly:0
 |   |   |- Guid:C49EB75841AD929CA0E3E389BB5A3870 BaseClass: NativeClass:/Script/Engine.StaticMeshActor Name:StaticMeshActor_UAID_D85ED30B92C6CC3502_2111526391 Label:Cube11 SpatiallyLoaded:1 Bounds:IsValid=true, Min=(X=1394.697 Y=5539.932 Z=2997.784), Max=(X=1475.169 Y=5639.932 Z=3262.842) RuntimeGrid:None EditorOnly:0 RuntimeOnly:0 HLODRelevant:1 ListedInSceneOutliner:1 IsMainWorldOnly:0
 |   |   |- Guid:CAFD1D4A4FF96E27F401EDB14E3E3E45 BaseClass: NativeClass:/Script/Engine.StaticMeshActor Name:StaticMeshActor_UAID_D85ED30B92C6CD3502_1132075572 Label:Cube16 SpatiallyLoaded:1 Bounds:IsValid=true, Min=(X=1394.697 Y=5639.134 Z=3050.945), Max=(X=1475.169 Y=5648.616 Z=3071.172) RuntimeGrid:None EditorOnly:0 RuntimeOnly:0 HLODRelevant:1 ListedInSceneOutliner:1 IsMainWorldOnly:0
 |   |   |- Guid:CCFF262C46EEFFDF319E7F9539CE697E BaseClass: NativeClass:/Script/Engine.SkyAtmosphere Name:SkyAtmosphere_0 Label:SkyAtmosphere SpatiallyLoaded:0 Bounds:IsValid=true, Min=(X=0.000 Y=0.000 Z=1020.000), Max=(X=0.000 Y=0.000 Z=1020.000) RuntimeGrid:None EditorOnly:0 RuntimeOnly:0 HLODRelevant:0 ListedInSceneOutliner:1 IsMainWorldOnly:0 FolderPath:Lighting FolderGuid:963EC3EB4002CCE9759E2EBA541A873A
 |   |   |- Guid:CD45B71748B7EADBA8708F9421ADFFEE BaseClass:/Game/Platforms/Cam2_Platform1.Cam2_Platform1_C NativeClass:/Script/Engine.Actor Name:Platform1_Cam2_C_UAID_D85ED30B92C6BC3502_1315036559 Label:Platform1_Cam6 SpatiallyLoaded:1 Bounds:IsValid=true, Min=(X=1972.268 Y=3787.181 Z=943.374), Max=(X=2222.268 Y=4037.181 Z=953.374) RuntimeGrid:None EditorOnly:0 RuntimeOnly:0 HLODRelevant:0 ListedInSceneOutliner:1 IsMainWorldOnly:0 FolderPath:Camera2Platforms FolderGuid:FF3DCC7E4318C42787CC448165D807D3
 |   |   |- Guid:CE2932684006C683717E179660D614E6 BaseClass: NativeClass:/Script/Engine.StaticMeshActor Name:StaticMeshActor_UAID_D85ED30B92C6CC3502_2111528392 Label:Cube12 SpatiallyLoaded:1 Bounds:IsValid=true, Min=(X=1474.398 Y=5202.140 Z=2658.330), Max=(X=1536.368 Y=5253.333 Z=2880.641) RuntimeGrid:None EditorOnly:0 RuntimeOnly:0 HLODRelevant:1 ListedInSceneOutliner:1 IsMainWorldOnly:0
 |   |   |- Guid:D051DB15447FC5534107B88652CBE47A BaseClass: NativeClass:/Script/Engine.StaticMeshActor Name:StaticMeshActor_UAID_D85ED30B92C6CC3502_2111529394 Label:Cube14 SpatiallyLoaded:1 Bounds:IsValid=true, Min=(X=1394.697 Y=5217.623 Z=2638.042), Max=(X=1475.169 Y=5227.106 Z=2658.269) RuntimeGrid:None EditorOnly:0 RuntimeOnly:0 HLODRelevant:1 ListedInSceneOutliner:1 IsMainWorldOnly:0
 |   |   |- Guid:E8974CFF4F8CDF0465FA3998A12ACA96 BaseClass: NativeClass:/Script/Engine.StaticMeshActor Name:StaticMeshActor_UAID_D85ED30B92C6953102_1499910465 Label:SM_Cube8 SpatiallyLoaded:1 Bounds:IsValid=true, Min=(X=3.937 Y=2733.540 Z=-0.000), Max=(X=103.937 Y=24981.367 Z=9666.821) RuntimeGrid:None EditorOnly:0 RuntimeOnly:0 HLODRelevant:1 ListedInSceneOutliner:1 IsMainWorldOnly:0 FolderPath:Playground FolderGuid:C73F09FC4215536B1DCE2A9E0A830C70
 |   |   |- Guid:EC4E0C944CE6AC6E784BC6BB2916EA13 BaseClass: NativeClass:/Script/Engine.StaticMeshActor Name:StaticMeshActor_UAID_A4AE111137DC5EFB00_1110535423 Label:SM_SkySphere SpatiallyLoaded:0 Bounds:IsValid=true, Min=(X=-1638400.000 Y=-1638400.000 Z=-1639964.925), Max=(X=1638400.000 Y=1638400.000 Z=1636835.075) RuntimeGrid:None EditorOnly:0 RuntimeOnly:0 HLODRelevant:0 ListedInSceneOutliner:1 IsMainWorldOnly:0 FolderPath:Lighting FolderGuid:963EC3EB4002CCE9759E2EBA541A873A
 |   |   |- Guid:EF630D2040D57D68B546AC88A867A647 BaseClass: NativeClass:/Script/Engine.StaticMeshActor Name:StaticMeshActor_UAID_D85ED30B92C6CD3502_1220174578 Label:Cube20 SpatiallyLoaded:1 Bounds:IsValid=true, Min=(X=1394.697 Y=5276.793 Z=2933.688), Max=(X=1475.169 Y=5286.275 Z=2953.915) RuntimeGrid:None EditorOnly:0 RuntimeOnly:0 HLODRelevant:1 ListedInSceneOutliner:1 IsMainWorldOnly:0
 |   |   |- Guid:F1924B8D48954B30891B2DB6A694F9CC BaseClass: NativeClass:/Script/Engine.StaticMeshActor Name:StaticMeshActor_1 Label:SM_Cube SpatiallyLoaded:1 Bounds:IsValid=true, Min=(X=0.000 Y=0.000 Z=-50.000), Max=(X=3000.000 Y=3500.000 Z=0.000) RuntimeGrid:None EditorOnly:0 RuntimeOnly:0 HLODRelevant:1 ListedInSceneOutliner:1 IsMainWorldOnly:0 FolderPath:Playground FolderGuid:C73F09FC4215536B1DCE2A9E0A830C70
 |   |   |- Guid:F3F8905F4502876312159D949B82E7F7 BaseClass: NativeClass:/Script/Engine.StaticMeshActor Name:StaticMeshActor_UAID_D85ED30B92C6CF3502_1630212942 Label:Cube6 SpatiallyLoaded:1 Bounds:IsValid=true, Min=(X=2110.302 Y=5675.871 Z=1452.253), Max=(X=2201.383 Y=5766.952 Z=1462.253) RuntimeGrid:None EditorOnly:0 RuntimeOnly:0 HLODRelevant:1 ListedInSceneOutliner:1 IsMainWorldOnly:0
 |   |   |- Guid:F5E3FEB3450C49844FD93DA8E083C8AD BaseClass: NativeClass:/Script/Engine.PostProcessVolume Name:PostProcessVolume_0 Label:PostProcessVolume SpatiallyLoaded:0 Bounds:IsValid=true, Min=(X=0.000 Y=0.000 Z=400.000), Max=(X=200.000 Y=200.000 Z=600.000) RuntimeGrid:None EditorOnly:0 RuntimeOnly:0 HLODRelevant:0 ListedInSceneOutliner:1 IsMainWorldOnly:0 FolderPath:Lighting FolderGuid:963EC3EB4002CCE9759E2EBA541A873A
 |   |   |- Guid:FC89DC1647A380F3A2230BA64F034F20 BaseClass: NativeClass:/Script/Engine.StaticMeshActor Name:StaticMeshActor_UAID_D85ED30B92C6953102_1499908464 Label:SM_Cube7 SpatiallyLoaded:1 Bounds:IsValid=true, Min=(X=2903.937 Y=2733.540 Z=-0.000), Max=(X=3003.937 Y=24981.367 Z=9666.821) RuntimeGrid:None EditorOnly:0 RuntimeOnly:0 HLODRelevant:1 ListedInSceneOutliner:1 IsMainWorldOnly:0 FolderPath:Playground FolderGuid:C73F09FC4215536B1DCE2A9E0A830C70
 |   |- [+] Clusters:
 |   |   |- [+] [  0]
 |   |   |   |- Guid:0321217B4F9A048ABBE0D2A5B6B1F9EE BaseClass: NativeClass:/Script/Engine.StaticMeshActor Name:StaticMeshActor_UAID_D85ED30B92C6CD3502_1288219582 Label:Cube24 SpatiallyLoaded:1 Bounds:IsValid=true, Min=(X=1474.398 Y=5820.245 Z=2941.598), Max=(X=1536.368 Y=5854.355 Z=3182.842) RuntimeGrid:None EditorOnly:0 RuntimeOnly:0 HLODRelevant:1 ListedInSceneOutliner:1 IsMainWorldOnly:0
 |   |   |- [+] [  1]
 |   |   |   |- Guid:05953CD04555AAA5A0B6308626ED4377 BaseClass: NativeClass:/Script/Engine.StaticMeshActor Name:StaticMeshActor_UAID_D85ED30B92C6CD3502_1288221583 Label:Cube25 SpatiallyLoaded:1 Bounds:IsValid=true, Min=(X=1333.679 Y=5820.245 Z=2941.598), Max=(X=1395.650 Y=5854.355 Z=3182.842) RuntimeGrid:None EditorOnly:0 RuntimeOnly:0 HLODRelevant:1 ListedInSceneOutliner:1 IsMainWorldOnly:0
 |   |   |- [+] [  2]
 |   |   |   |- Guid:06CBCC2E47BE31096F82E7B8B881FB83 BaseClass:/Game/Platforms/Cam2_Platform1.Cam2_Platform1_C NativeClass:/Script/Engine.Actor Name:Platform1_Cam2_C_UAID_D85ED30B92C6C63502_2101402327 Label:Platform1_Cam8 SpatiallyLoaded:1 Bounds:IsValid=true, Min=(X=1972.268 Y=4282.621 Z=1113.211), Max=(X=2222.268 Y=4532.621 Z=1123.211) RuntimeGrid:None EditorOnly:0 RuntimeOnly:0 HLODRelevant:0 ListedInSceneOutliner:1 IsMainWorldOnly:0 FolderPath:Camera2Platforms FolderGuid:FF3DCC7E4318C42787CC448165D807D3
 |   |   |- [+] [  3]
 |   |   |   |- Guid:0B308F1444089BE34C30898BAD3B1754 BaseClass: NativeClass:/Script/Engine.StaticMeshActor Name:StaticMeshActor_UAID_D85ED30B92C6CD3502_1152998574 Label:Cube18 SpatiallyLoaded:1 Bounds:IsValid=true, Min=(X=1385.343 Y=5539.669 Z=3050.945), Max=(X=1394.826 Y=5640.280 Z=3071.172) RuntimeGrid:None EditorOnly:0 RuntimeOnly:0 HLODRelevant:1 ListedInSceneOutliner:1 IsMainWorldOnly:0
 |   |   |- [+] [  4]
 |   |   |   |- Guid:0B41A34745A7E99F5EED94999F4A7C74 BaseClass: NativeClass:/Script/Engine.StaticMeshActor Name:StaticMeshActor_UAID_D85ED30B92C6CC3502_2098797390 Label:Cube10 SpatiallyLoaded:1 Bounds:IsValid=true, Min=(X=1394.697 Y=5538.848 Z=2766.244), Max=(X=1475.169 Y=5638.848 Z=2776.406) RuntimeGrid:None EditorOnly:0 RuntimeOnly:0 HLODRelevant:1 ListedInSceneOutliner:1 IsMainWorldOnly:0
 |   |   |- [+] [  5]
 |   |   |   |- Guid:0E567472474A63B26FB6FCA93C8A16F2 BaseClass: NativeClass:/Script/Engine.StaticMeshActor Name:StaticMeshActor_UAID_D85ED30B92C6B83502_2067950850 Label:Cube SpatiallyLoaded:1 Bounds:IsValid=true, Min=(X=1153.983 Y=848.422 Z=124.772), Max=(X=1411.282 Y=1105.721 Z=134.772) RuntimeGrid:None EditorOnly:0 RuntimeOnly:0 HLODRelevant:1 ListedInSceneOutliner:1 IsMainWorldOnly:0
 |   |   |- [+] [  6]
 |   |   |   |- Guid:1060921444B7D1316247628018C354E6 BaseClass:/Game/Platforms/Cam1_Platform1.Cam1_Platform1_C NativeClass:/Script/Engine.Actor Name:Platform1_Cam1_C_UAID_D85ED30B92C6CF3502_1330053939 Label:Platform1_Cam9 SpatiallyLoaded:1 Bounds:IsValid=true, Min=(X=1473.720 Y=4769.200 Z=1156.056), Max=(X=1551.309 Y=4846.789 Z=1166.056) RuntimeGrid:None EditorOnly:0 RuntimeOnly:0 HLODRelevant:0 ListedInSceneOutliner:1 IsMainWorldOnly:0 FolderPath:Camera1Platforms FolderGuid:DAED99B947D616ACB1DB6E9657F07722
 |   |   |- [+] [  7]
 |   |   |   |- Guid:2926990C429C0B6C6A5F7D82433E146A BaseClass: NativeClass:/Script/Engine.StaticMeshActor Name:StaticMeshActor_UAID_D85ED30B92C6CD3502_1220173577 Label:Cube15 SpatiallyLoaded:1 Bounds:IsValid=true, Min=(X=1394.697 Y=5177.591 Z=2881.366), Max=(X=1475.169 Y=5277.591 Z=3144.743) RuntimeGrid:None EditorOnly:0 RuntimeOnly:0 HLODRelevant:1 ListedInSceneOutliner:1 IsMainWorldOnly:0
 |   |   |- [+] [  8]
 |   |   |   |- Guid:2CEC872C4C11A22BBFDB8CBE38DB46B8 BaseClass: NativeClass:/Script/Engine.StaticMeshActor Name:StaticMeshActor_UAID_D85ED30B92C6CD3502_1288222584 Label:Cube26 SpatiallyLoaded:1 Bounds:IsValid=true, Min=(X=1394.697 Y=5820.224 Z=2941.721), Max=(X=1475.169 Y=5854.376 Z=2951.883) RuntimeGrid:None EditorOnly:0 RuntimeOnly:0 HLODRelevant:1 ListedInSceneOutliner:1 IsMainWorldOnly:0
 |   |   |- [+] [  9]
 |   |   |   |- Guid:2FB58999456391D349DC0F86DAC136ED BaseClass: NativeClass:/Script/Engine.SkyLight Name:SkyLight_1 Label:SkyLight SpatiallyLoaded:0 Bounds:IsValid=true, Min=(X=0.000 Y=0.000 Z=690.000), Max=(X=0.000 Y=0.000 Z=690.000) RuntimeGrid:None EditorOnly:0 RuntimeOnly:0 HLODRelevant:0 ListedInSceneOutliner:1 IsMainWorldOnly:0 FolderPath:Lighting FolderGuid:963EC3EB4002CCE9759E2EBA541A873A
 |   |   |- [+] [ 10]
 |   |   |   |- Guid:3073116B492CA8616D0D829135C74BED BaseClass: NativeClass:/Script/Engine.StaticMeshActor Name:StaticMeshActor_UAID_D85ED30B92C6CC3502_2058901388 Label:Cube8 SpatiallyLoaded:1 Bounds:IsValid=true, Min=(X=1474.398 Y=5538.848 Z=2775.587), Max=(X=1536.368 Y=5638.848 Z=2997.898) RuntimeGrid:None EditorOnly:0 RuntimeOnly:0 HLODRelevant:1 ListedInSceneOutliner:1 IsMainWorldOnly:0
 |   |   |- [+] [ 11]
 |   |   |   |- Guid:316CF2A6494ACA4C0E4180A87D36AB8F BaseClass: NativeClass:/Script/Engine.ExponentialHeightFog Name:ExponentialHeightFog_0 Label:ExponentialHeightFog SpatiallyLoaded:0 Bounds:IsValid=true, Min=(X=-5600.000 Y=-50.000 Z=-6850.000), Max=(X=-5600.000 Y=-50.000 Z=-6850.000) RuntimeGrid:None EditorOnly:0 RuntimeOnly:0 HLODRelevant:0 ListedInSceneOutliner:1 IsMainWorldOnly:0 FolderPath:Lighting FolderGuid:963EC3EB4002CCE9759E2EBA541A873A
 |   |   |- [+] [ 12]
 |   |   |   |- Guid:31E31A1449D9BD2DDCEEC1ABC5FB40EA BaseClass:/Game/Platforms/Cam1_Platform1.Cam1_Platform1_C NativeClass:/Script/Engine.Actor Name:Platform1_Cam1_C_UAID_D85ED30B92C6BB3502_1939050380 Label:Platform1_Cam3 SpatiallyLoaded:1 Bounds:IsValid=true, Min=(X=2676.391 Y=1246.542 Z=686.587), Max=(X=2926.391 Y=1496.542 Z=696.587) RuntimeGrid:None EditorOnly:0 RuntimeOnly:0 HLODRelevant:0 ListedInSceneOutliner:1 IsMainWorldOnly:0 FolderPath:Camera1Platforms FolderGuid:DAED99B947D616ACB1DB6E9657F07722
 |   |   |- [+] [ 13]
 |   |   |   |- Guid:3A00AA1C422CE54C0BDB60BAF471BFBB BaseClass: NativeClass:/Script/Engine.PlayerStart Name:PlayerStart_0 Label:PlayerStart SpatiallyLoaded:0 Bounds:IsValid=true, Min=(X=1277.640 Y=317.450 Z=-10.204), Max=(X=1357.640 Y=397.450 Z=173.796) RuntimeGrid:None EditorOnly:0 RuntimeOnly:0 HLODRelevant:0 ListedInSceneOutliner:1 IsMainWorldOnly:0
 |   |   |- [+] [ 14]
 |   |   |   |- Guid:3C969D62427308B7BB5D64A2C53DA47A BaseClass: NativeClass:/Script/Engine.StaticMeshActor Name:StaticMeshActor_UAID_D85ED30B92C6BB3502_1904884379 Label:Cube2 SpatiallyLoaded:1 Bounds:IsValid=true, Min=(X=1655.836 Y=951.387 Z=535.431), Max=(X=1913.135 Y=1208.686 Z=545.431) RuntimeGrid:None EditorOnly:0 RuntimeOnly:0 HLODRelevant:1 ListedInSceneOutliner:1 IsMainWorldOnly:0
 |   |   |- [+] [ 15]
 |   |   |   |- Guid:3ECDE8A5450053BCF6117D91F2568A08 BaseClass: NativeClass:/Script/Engine.StaticMeshActor Name:StaticMeshActor_UAID_D85ED30B92C6C23502_1987132616 Label:Cube3 SpatiallyLoaded:1 Bounds:IsValid=true, Min=(X=1970.029 Y=4028.978 Z=946.218), Max=(X=2227.328 Y=4038.978 Z=1524.337) RuntimeGrid:None EditorOnly:0 RuntimeOnly:0 HLODRelevant:1 ListedInSceneOutliner:1 IsMainWorldOnly:0
 |   |   |- [+] [ 16]
 |   |   |   |- Guid:43815E84492231AFC407F59E3C28176B BaseClass: NativeClass:/Script/Engine.StaticMeshActor Name:StaticMeshActor_4 Label:SM_Cube6 SpatiallyLoaded:1 Bounds:IsValid=true, Min=(X=2900.000 Y=100.000 Z=0.000), Max=(X=3000.000 Y=3400.000 Z=1875.000) RuntimeGrid:None EditorOnly:0 RuntimeOnly:0 HLODRelevant:1 ListedInSceneOutliner:1 IsMainWorldOnly:0 FolderPath:Playground FolderGuid:C73F09FC4215536B1DCE2A9E0A830C70
 |   |   |- [+] [ 17]
 |   |   |   |- Guid:4D3BE93F4146AAAC8BBE79999D96D57F BaseClass: NativeClass:/Script/Engine.VolumetricCloud Name:VolumetricCloud_0 Label:VolumetricCloud SpatiallyLoaded:0 Bounds:IsValid=true, Min=(X=0.000 Y=0.000 Z=820.000), Max=(X=0.000 Y=0.000 Z=820.000) RuntimeGrid:None EditorOnly:0 RuntimeOnly:0 HLODRelevant:0 ListedInSceneOutliner:1 IsMainWorldOnly:0 FolderPath:Lighting FolderGuid:963EC3EB4002CCE9759E2EBA541A873A
 |   |   |- [+] [ 18]
 |   |   |   |- Guid:50F9DF004EF1B74619E7568EF7C7E8D8 BaseClass: NativeClass:/Script/Engine.StaticMeshActor Name:StaticMeshActor_UAID_D85ED30B92C6CD3502_1205262576 Label:Cube20 SpatiallyLoaded:1 Bounds:IsValid=true, Min=(X=1385.343 Y=5177.474 Z=1329.519), Max=(X=1394.826 Y=5278.084 Z=1349.745) RuntimeGrid:None EditorOnly:0 RuntimeOnly:0 HLODRelevant:1 ListedInSceneOutliner:1 IsMainWorldOnly:0
 |   |   |- [+] [ 19]
 |   |   |   |- Guid:562D1CFD479A3A508CAF09AD03035922 BaseClass:/Game/Platforms/Cam1_Platform1.Cam1_Platform1_C NativeClass:/Script/Engine.Actor Name:Platform1_Cam1_C_UAID_D85ED30B92C6B83502_1885791847 Label:Platform1_Cam1 SpatiallyLoaded:1 Bounds:IsValid=true, Min=(X=1155.811 Y=582.833 Z=124.267), Max=(X=1405.811 Y=832.833 Z=134.267) RuntimeGrid:None EditorOnly:0 RuntimeOnly:0 HLODRelevant:0 ListedInSceneOutliner:1 IsMainWorldOnly:0 FolderPath:Camera1Platforms FolderGuid:DAED99B947D616ACB1DB6E9657F07722
 |   |   |- [+] [ 20]
 |   |   |   |- Guid:5782DBA24B6DA642E84EA788D944338E BaseClass: NativeClass:/Script/Engine.StaticMeshActor Name:StaticMeshActor_UAID_D85ED30B92C6CC3502_2111528393 Label:Cube13 SpatiallyLoaded:1 Bounds:IsValid=true, Min=(X=1333.679 Y=5202.140 Z=2658.330), Max=(X=1395.650 Y=5253.333 Z=2880.641) RuntimeGrid:None EditorOnly:0 RuntimeOnly:0 HLODRelevant:1 ListedInSceneOutliner:1 IsMainWorldOnly:0
 |   |   |- [+] [ 21]
 |   |   |   |- Guid:57C08E4A45B26AFB9D9000A0295A7A7A BaseClass: NativeClass:/Script/Engine.StaticMeshActor Name:StaticMeshActor_UAID_D85ED30B92C6CD3502_1220177581 Label:Cube23 SpatiallyLoaded:1 Bounds:IsValid=true, Min=(X=1475.171 Y=5177.328 Z=2933.688), Max=(X=1484.653 Y=5277.939 Z=2953.915) RuntimeGrid:None EditorOnly:0 RuntimeOnly:0 HLODRelevant:1 ListedInSceneOutliner:1 IsMainWorldOnly:0
 |   |   |- [+] [ 22]
 |   |   |   |- Guid:5C5107084CE6747E96E388B81BBFD8C8 BaseClass: NativeClass:/Script/Engine.StaticMeshActor Name:StaticMeshActor_UAID_D85ED30B92C6CF3502_1430894941 Label:Cube5 SpatiallyLoaded:1 Bounds:IsValid=true, Min=(X=993.191 Y=5010.031 Z=1231.798), Max=(X=1084.272 Y=5101.112 Z=1241.798) RuntimeGrid:None EditorOnly:0 RuntimeOnly:0 HLODRelevant:1 ListedInSceneOutliner:1 IsMainWorldOnly:0
 |   |   |- [+] [ 23]
 |   |   |   |- Guid:61E7E77F47471B0F31C128BFADEA6E03 BaseClass: NativeClass:/Script/Engine.StaticMeshActor Name:StaticMeshActor_UAID_D85ED30B92C6CD3502_1139826573 Label:Cube17 SpatiallyLoaded:1 Bounds:IsValid=true, Min=(X=1394.697 Y=5530.222 Z=3050.945), Max=(X=1475.169 Y=5539.705 Z=3071.172) RuntimeGrid:None EditorOnly:0 RuntimeOnly:0 HLODRelevant:1 ListedInSceneOutliner:1 IsMainWorldOnly:0
 |   |   |- [+] [ 24]
 |   |   |   |- Guid:6BAF4DDD444C60371492D3919DB42C97 BaseClass: NativeClass:/Script/Engine.WorldDataLayers Name:WorldDataLayers Label:WorldDataLayers SpatiallyLoaded:0 Bounds:IsValid=true, Min=(X=0.000 Y=0.000 Z=0.000), Max=(X=0.000 Y=0.000 Z=0.000) RuntimeGrid:None EditorOnly:0 RuntimeOnly:0 HLODRelevant:0 ListedInSceneOutliner:1 IsMainWorldOnly:1
 |   |   |- [+] [ 25]
 |   |   |   |- Guid:6C90DAE2463E9F6A6DBE179591406C5A BaseClass:/Game/Platforms/Cam1_Platform1.Cam1_Platform1_C NativeClass:/Script/Engine.Actor Name:Platform1_Cam1_C_UAID_D85ED30B92C6BC3502_1297416558 Label:Platform1_Cam5 SpatiallyLoaded:1 Bounds:IsValid=true, Min=(X=801.485 Y=2985.092 Z=888.961), Max=(X=1051.485 Y=3235.092 Z=898.961) RuntimeGrid:None EditorOnly:0 RuntimeOnly:0 HLODRelevant:0 ListedInSceneOutliner:1 IsMainWorldOnly:0 FolderPath:Camera1Platforms FolderGuid:DAED99B947D616ACB1DB6E9657F07722
 |   |   |- [+] [ 26]
 |   |   |   |- Guid:7B342E3C46AE28D566B733BF34CE1724 BaseClass: NativeClass:/Script/Engine.StaticMeshActor Name:StaticMeshActor_UAID_D85ED30B92C6CD3502_1220175579 Label:Cube21 SpatiallyLoaded:1 Bounds:IsValid=true, Min=(X=1394.697 Y=5167.881 Z=2933.688), Max=(X=1475.169 Y=5177.364 Z=2953.915) RuntimeGrid:None EditorOnly:0 RuntimeOnly:0 HLODRelevant:1 ListedInSceneOutliner:1 IsMainWorldOnly:0
 |   |   |- [+] [ 27]
 |   |   |   |- Guid:85A296144107BD40AB90FC93438CB8C9 BaseClass:/Game/Platforms/Cam2_Platform1.Cam2_Platform1_C NativeClass:/Script/Engine.Actor Name:Platform1_Cam2_C_UAID_D85ED30B92C6B83502_1888316848 Label:Platform1_Cam2 SpatiallyLoaded:1 Bounds:IsValid=true, Min=(X=1161.260 Y=1177.423 Z=228.546), Max=(X=1411.260 Y=1427.423 Z=238.546) RuntimeGrid:None EditorOnly:0 RuntimeOnly:0 HLODRelevant:0 ListedInSceneOutliner:1 IsMainWorldOnly:0 FolderPath:Camera2Platforms FolderGuid:FF3DCC7E4318C42787CC448165D807D3
 |   |   |- [+] [ 28]
 |   |   |   |- Guid:86FBBB744C992ACD474338A658B7AF54 BaseClass: NativeClass:/Script/Engine.StaticMeshActor Name:StaticMeshActor_UAID_D85ED30B92C6CC3502_2078856389 Label:Cube9 SpatiallyLoaded:1 Bounds:IsValid=true, Min=(X=1333.679 Y=5538.848 Z=2775.587), Max=(X=1395.650 Y=5638.848 Z=2997.898) RuntimeGrid:None EditorOnly:0 RuntimeOnly:0 HLODRelevant:1 ListedInSceneOutliner:1 IsMainWorldOnly:0
 |   |   |- [+] [ 29]
 |   |   |   |- Guid:90B44E8F4C539382B8738F8E268C3DA6 BaseClass: NativeClass:/Script/Engine.StaticMeshActor Name:StaticMeshActor_UAID_D85ED30B92C6CD3502_1301965585 Label:Cube27 SpatiallyLoaded:1 Bounds:IsValid=true, Min=(X=1394.697 Y=5819.456 Z=3181.432), Max=(X=1475.169 Y=5853.566 Z=3232.499) RuntimeGrid:None EditorOnly:0 RuntimeOnly:0 HLODRelevant:1 ListedInSceneOutliner:1 IsMainWorldOnly:0
 |   |   |- [+] [ 30]
 |   |   |   |- Guid:9225EC024F051353014AB29C0D6F779B BaseClass: NativeClass:/Script/Engine.StaticMeshActor Name:StaticMeshActor_UAID_D85ED30B92C6CD3502_1328874586 Label:Cube28 SpatiallyLoaded:1 Bounds:IsValid=true, Min=(X=1394.697 Y=5844.379 Z=2950.682), Max=(X=1475.169 Y=5853.862 Z=2970.909) RuntimeGrid:None EditorOnly:0 RuntimeOnly:0 HLODRelevant:1 ListedInSceneOutliner:1 IsMainWorldOnly:0
 |   |   |- [+] [ 31]
 |   |   |   |- Guid:9A72CB844FAF8E67630B359F6FA73D7C BaseClass: NativeClass:/Script/Engine.StaticMeshActor Name:StaticMeshActor_UAID_D85ED30B92C6CD3502_1195084575 Label:Cube19 SpatiallyLoaded:1 Bounds:IsValid=true, Min=(X=1475.171 Y=5539.669 Z=3050.945), Max=(X=1484.653 Y=5640.280 Z=3071.172) RuntimeGrid:None EditorOnly:0 RuntimeOnly:0 HLODRelevant:1 ListedInSceneOutliner:1 IsMainWorldOnly:0
 |   |   |- [+] [ 32]
 |   |   |   |- Guid:A414553B436A210263A2C38D1702495D BaseClass:/Game/Platforms/SM_SlideSlope.SM_SlideSlope_C NativeClass:/Script/Engine.StaticMeshActor Name:SM_SlideSlope_C_UAID_D85ED30B92C6953102_1713365467 Label:SM_SlideSlope SpatiallyLoaded:1 Bounds:IsValid=true, Min=(X=28.933 Y=3337.108 Z=-50.000), Max=(X=3028.933 Y=24999.308 Z=7954.470) RuntimeGrid:None EditorOnly:0 RuntimeOnly:0 HLODRelevant:1 ListedInSceneOutliner:1 IsMainWorldOnly:0
 |   |   |- [+] [ 33]
 |   |   |   |- Guid:A56216954B2165CF0F35A886B537D536 BaseClass: NativeClass:/Script/Engine.StaticMeshActor Name:StaticMeshActor_0 Label:SM_Cube5 SpatiallyLoaded:1 Bounds:IsValid=true, Min=(X=-0.000 Y=100.000 Z=0.000), Max=(X=100.000 Y=3400.000 Z=1875.000) RuntimeGrid:None EditorOnly:0 RuntimeOnly:0 HLODRelevant:1 ListedInSceneOutliner:1 IsMainWorldOnly:0 FolderPath:Playground FolderGuid:C73F09FC4215536B1DCE2A9E0A830C70
 |   |   |- [+] [ 34]
 |   |   |   |- Guid:A593CFAD4D415657F0BDE0BF476CA314 BaseClass:/Game/Platforms/Cam2_Platform1.Cam2_Platform1_C NativeClass:/Script/Engine.Actor Name:Platform1_Cam2_C_UAID_D85ED30B92C6BC3502_1265848557 Label:Platform1_Cam4 SpatiallyLoaded:1 Bounds:IsValid=true, Min=(X=1925.332 Y=2145.151 Z=792.793), Max=(X=2175.332 Y=2395.151 Z=802.793) RuntimeGrid:None EditorOnly:0 RuntimeOnly:0 HLODRelevant:0 ListedInSceneOutliner:1 IsMainWorldOnly:0 FolderPath:Camera2Platforms FolderGuid:FF3DCC7E4318C42787CC448165D807D3
 |   |   |- [+] [ 35]
 |   |   |   |- Guid:A87C898E40AB629A32115EAE09F98587 BaseClass: NativeClass:/Script/Engine.StaticMeshActor Name:StaticMeshActor_UAID_D85ED30B92C6953102_1615996466 Label:SM_Cube4 SpatiallyLoaded:1 Bounds:IsValid=true, Min=(X=-0.000 Y=24321.864 Z=7851.723), Max=(X=3000.000 Y=25057.121 Z=9647.849) RuntimeGrid:None EditorOnly:0 RuntimeOnly:0 HLODRelevant:1 ListedInSceneOutliner:1 IsMainWorldOnly:0 FolderPath:Playground FolderGuid:C73F09FC4215536B1DCE2A9E0A830C70
 |   |   |- [+] [ 36]
 |   |   |   |- Guid:B785ED2844B84CFB91E7F39FE661CD99 BaseClass: NativeClass:/Script/Engine.DirectionalLight Name:DirectionalLight_0 Label:DirectionalLight SpatiallyLoaded:0 Bounds:IsValid=true, Min=(X=-1048576.000 Y=-1048576.000 Z=-1048576.000), Max=(X=1048576.000 Y=1048576.000 Z=1048576.000) RuntimeGrid:None EditorOnly:0 RuntimeOnly:0 HLODRelevant:0 ListedInSceneOutliner:1 IsMainWorldOnly:0 FolderPath:Lighting FolderGuid:963EC3EB4002CCE9759E2EBA541A873A
 |   |   |- [+] [ 37]
 |   |   |   |- Guid:B88B925640FA90BF84E203AE34B3C49F BaseClass: NativeClass:/Script/Engine.StaticMeshActor Name:StaticMeshActor_UAID_D85ED30B92C6C23502_2093330621 Label:Cube4 SpatiallyLoaded:1 Bounds:IsValid=true, Min=(X=1970.029 Y=4275.561 Z=1028.387), Max=(X=2227.328 Y=4285.561 Z=1606.506) RuntimeGrid:None EditorOnly:0 RuntimeOnly:0 HLODRelevant:1 ListedInSceneOutliner:1 IsMainWorldOnly:0
 |   |   |- [+] [ 38]
 |   |   |   |- Guid:BAC2DB4E4D0B3C4CE00D179390B0742C BaseClass:/Game/Platforms/Cam1_Platform1.Cam1_Platform1_C NativeClass:/Script/Engine.Actor Name:Platform1_Cam1_C_UAID_D85ED30B92C6C23502_2054414617 Label:Platform1_Cam7 SpatiallyLoaded:1 Bounds:IsValid=true, Min=(X=1972.752 Y=4035.585 Z=1028.315), Max=(X=2222.752 Y=4285.585 Z=1038.315) RuntimeGrid:None EditorOnly:0 RuntimeOnly:0 HLODRelevant:0 ListedInSceneOutliner:1 IsMainWorldOnly:0 FolderPath:Camera1Platforms FolderGuid:DAED99B947D616ACB1DB6E9657F07722
 |   |   |- [+] [ 39]
 |   |   |   |- Guid:BC08B79C4EA3C961CFF75EBBE83B367D BaseClass: NativeClass:/Script/Engine.StaticMeshActor Name:StaticMeshActor_5 Label:SM_Cube2 SpatiallyLoaded:1 Bounds:IsValid=true, Min=(X=0.000 Y=0.000 Z=0.000), Max=(X=3000.000 Y=100.000 Z=1875.000) RuntimeGrid:None EditorOnly:0 RuntimeOnly:0 HLODRelevant:1 ListedInSceneOutliner:1 IsMainWorldOnly:0 FolderPath:Playground FolderGuid:C73F09FC4215536B1DCE2A9E0A830C70
 |   |   |- [+] [ 40]
 |   |   |   |- Guid:C49976044406FADD1D79BA93BFA51524 BaseClass: NativeClass:/Script/Engine.StaticMeshActor Name:StaticMeshActor_UAID_D85ED30B92C6CD3502_1220176580 Label:Cube22 SpatiallyLoaded:1 Bounds:IsValid=true, Min=(X=1385.343 Y=5177.328 Z=2933.688), Max=(X=1394.826 Y=5277.939 Z=2953.915) RuntimeGrid:None EditorOnly:0 RuntimeOnly:0 HLODRelevant:1 ListedInSceneOutliner:1 IsMainWorldOnly:0
 |   |   |- [+] [ 41]
 |   |   |   |- Guid:C49EB75841AD929CA0E3E389BB5A3870 BaseClass: NativeClass:/Script/Engine.StaticMeshActor Name:StaticMeshActor_UAID_D85ED30B92C6CC3502_2111526391 Label:Cube11 SpatiallyLoaded:1 Bounds:IsValid=true, Min=(X=1394.697 Y=5539.932 Z=2997.784), Max=(X=1475.169 Y=5639.932 Z=3262.842) RuntimeGrid:None EditorOnly:0 RuntimeOnly:0 HLODRelevant:1 ListedInSceneOutliner:1 IsMainWorldOnly:0
 |   |   |- [+] [ 42]
 |   |   |   |- Guid:CAFD1D4A4FF96E27F401EDB14E3E3E45 BaseClass: NativeClass:/Script/Engine.StaticMeshActor Name:StaticMeshActor_UAID_D85ED30B92C6CD3502_1132075572 Label:Cube16 SpatiallyLoaded:1 Bounds:IsValid=true, Min=(X=1394.697 Y=5639.134 Z=3050.945), Max=(X=1475.169 Y=5648.616 Z=3071.172) RuntimeGrid:None EditorOnly:0 RuntimeOnly:0 HLODRelevant:1 ListedInSceneOutliner:1 IsMainWorldOnly:0
 |   |   |- [+] [ 43]
 |   |   |   |- Guid:CCFF262C46EEFFDF319E7F9539CE697E BaseClass: NativeClass:/Script/Engine.SkyAtmosphere Name:SkyAtmosphere_0 Label:SkyAtmosphere SpatiallyLoaded:0 Bounds:IsValid=true, Min=(X=0.000 Y=0.000 Z=1020.000), Max=(X=0.000 Y=0.000 Z=1020.000) RuntimeGrid:None EditorOnly:0 RuntimeOnly:0 HLODRelevant:0 ListedInSceneOutliner:1 IsMainWorldOnly:0 FolderPath:Lighting FolderGuid:963EC3EB4002CCE9759E2EBA541A873A
 |   |   |- [+] [ 44]
 |   |   |   |- Guid:CD45B71748B7EADBA8708F9421ADFFEE BaseClass:/Game/Platforms/Cam2_Platform1.Cam2_Platform1_C NativeClass:/Script/Engine.Actor Name:Platform1_Cam2_C_UAID_D85ED30B92C6BC3502_1315036559 Label:Platform1_Cam6 SpatiallyLoaded:1 Bounds:IsValid=true, Min=(X=1972.268 Y=3787.181 Z=943.374), Max=(X=2222.268 Y=4037.181 Z=953.374) RuntimeGrid:None EditorOnly:0 RuntimeOnly:0 HLODRelevant:0 ListedInSceneOutliner:1 IsMainWorldOnly:0 FolderPath:Camera2Platforms FolderGuid:FF3DCC7E4318C42787CC448165D807D3
 |   |   |- [+] [ 45]
 |   |   |   |- Guid:CE2932684006C683717E179660D614E6 BaseClass: NativeClass:/Script/Engine.StaticMeshActor Name:StaticMeshActor_UAID_D85ED30B92C6CC3502_2111528392 Label:Cube12 SpatiallyLoaded:1 Bounds:IsValid=true, Min=(X=1474.398 Y=5202.140 Z=2658.330), Max=(X=1536.368 Y=5253.333 Z=2880.641) RuntimeGrid:None EditorOnly:0 RuntimeOnly:0 HLODRelevant:1 ListedInSceneOutliner:1 IsMainWorldOnly:0
 |   |   |- [+] [ 46]
 |   |   |   |- Guid:D051DB15447FC5534107B88652CBE47A BaseClass: NativeClass:/Script/Engine.StaticMeshActor Name:StaticMeshActor_UAID_D85ED30B92C6CC3502_2111529394 Label:Cube14 SpatiallyLoaded:1 Bounds:IsValid=true, Min=(X=1394.697 Y=5217.623 Z=2638.042), Max=(X=1475.169 Y=5227.106 Z=2658.269) RuntimeGrid:None EditorOnly:0 RuntimeOnly:0 HLODRelevant:1 ListedInSceneOutliner:1 IsMainWorldOnly:0
 |   |   |- [+] [ 47]
 |   |   |   |- Guid:E8974CFF4F8CDF0465FA3998A12ACA96 BaseClass: NativeClass:/Script/Engine.StaticMeshActor Name:StaticMeshActor_UAID_D85ED30B92C6953102_1499910465 Label:SM_Cube8 SpatiallyLoaded:1 Bounds:IsValid=true, Min=(X=3.937 Y=2733.540 Z=-0.000), Max=(X=103.937 Y=24981.367 Z=9666.821) RuntimeGrid:None EditorOnly:0 RuntimeOnly:0 HLODRelevant:1 ListedInSceneOutliner:1 IsMainWorldOnly:0 FolderPath:Playground FolderGuid:C73F09FC4215536B1DCE2A9E0A830C70
 |   |   |- [+] [ 48]
 |   |   |   |- Guid:EC4E0C944CE6AC6E784BC6BB2916EA13 BaseClass: NativeClass:/Script/Engine.StaticMeshActor Name:StaticMeshActor_UAID_A4AE111137DC5EFB00_1110535423 Label:SM_SkySphere SpatiallyLoaded:0 Bounds:IsValid=true, Min=(X=-1638400.000 Y=-1638400.000 Z=-1639964.925), Max=(X=1638400.000 Y=1638400.000 Z=1636835.075) RuntimeGrid:None EditorOnly:0 RuntimeOnly:0 HLODRelevant:0 ListedInSceneOutliner:1 IsMainWorldOnly:0 FolderPath:Lighting FolderGuid:963EC3EB4002CCE9759E2EBA541A873A
 |   |   |- [+] [ 49]
 |   |   |   |- Guid:EF630D2040D57D68B546AC88A867A647 BaseClass: NativeClass:/Script/Engine.StaticMeshActor Name:StaticMeshActor_UAID_D85ED30B92C6CD3502_1220174578 Label:Cube20 SpatiallyLoaded:1 Bounds:IsValid=true, Min=(X=1394.697 Y=5276.793 Z=2933.688), Max=(X=1475.169 Y=5286.275 Z=2953.915) RuntimeGrid:None EditorOnly:0 RuntimeOnly:0 HLODRelevant:1 ListedInSceneOutliner:1 IsMainWorldOnly:0
 |   |   |- [+] [ 50]
 |   |   |   |- Guid:F1924B8D48954B30891B2DB6A694F9CC BaseClass: NativeClass:/Script/Engine.StaticMeshActor Name:StaticMeshActor_1 Label:SM_Cube SpatiallyLoaded:1 Bounds:IsValid=true, Min=(X=0.000 Y=0.000 Z=-50.000), Max=(X=3000.000 Y=3500.000 Z=0.000) RuntimeGrid:None EditorOnly:0 RuntimeOnly:0 HLODRelevant:1 ListedInSceneOutliner:1 IsMainWorldOnly:0 FolderPath:Playground FolderGuid:C73F09FC4215536B1DCE2A9E0A830C70
 |   |   |- [+] [ 51]
 |   |   |   |- Guid:F3F8905F4502876312159D949B82E7F7 BaseClass: NativeClass:/Script/Engine.StaticMeshActor Name:StaticMeshActor_UAID_D85ED30B92C6CF3502_1630212942 Label:Cube6 SpatiallyLoaded:1 Bounds:IsValid=true, Min=(X=2110.302 Y=5675.871 Z=1452.253), Max=(X=2201.383 Y=5766.952 Z=1462.253) RuntimeGrid:None EditorOnly:0 RuntimeOnly:0 HLODRelevant:1 ListedInSceneOutliner:1 IsMainWorldOnly:0
 |   |   |- [+] [ 52]
 |   |   |   |- Guid:F5E3FEB3450C49844FD93DA8E083C8AD BaseClass: NativeClass:/Script/Engine.PostProcessVolume Name:PostProcessVolume_0 Label:PostProcessVolume SpatiallyLoaded:0 Bounds:IsValid=true, Min=(X=0.000 Y=0.000 Z=400.000), Max=(X=200.000 Y=200.000 Z=600.000) RuntimeGrid:None EditorOnly:0 RuntimeOnly:0 HLODRelevant:0 ListedInSceneOutliner:1 IsMainWorldOnly:0 FolderPath:Lighting FolderGuid:963EC3EB4002CCE9759E2EBA541A873A
 |   |   |- [+] [ 53]
 |   |   |   |- Guid:FC89DC1647A380F3A2230BA64F034F20 BaseClass: NativeClass:/Script/Engine.StaticMeshActor Name:StaticMeshActor_UAID_D85ED30B92C6953102_1499908464 Label:SM_Cube7 SpatiallyLoaded:1 Bounds:IsValid=true, Min=(X=2903.937 Y=2733.540 Z=-0.000), Max=(X=3003.937 Y=24981.367 Z=9666.821) RuntimeGrid:None EditorOnly:0 RuntimeOnly:0 HLODRelevant:1 ListedInSceneOutliner:1 IsMainWorldOnly:0 FolderPath:Playground FolderGuid:C73F09FC4215536B1DCE2A9E0A830C70
 |- ContainerInstances:
 |- [+] MainContainer:
 |   |-        ID: 00000000000000000000000000000000
 |   |-  ParentID: 00000000000000000000000000000000
 |   |-    Bounds: IsValid=false, Min=(X=0.000 Y=0.000 Z=0.000), Max=(X=0.000 Y=0.000 Z=0.000)
 |   |- Transform: 0.000000,0.000000,0.000000|0.000000,0.000000,-0.000000|1.000000,1.000000,1.000000
 |   |- Container: /Game/ThirdPerson/Maps/ThirdPersonMap
----------------------------------------------------------------------------------------------------------------
ThirdPersonMap - Persistent Level
----------------------------------------------------------------------------------------------------------------
[+] Content of ThirdPersonMap Persistent Level
 |- Always loaded Actor Count: 53 
 |- Actor Path: /Game/ThirdPerson/Maps/ThirdPersonMap.ThirdPersonMap:PersistentLevel.DirectionalLight_0
 |- Actor Package: /Game/__ExternalActors__/ThirdPerson/Maps/ThirdPersonMap/5/R1/TS5OQ5CRUWFZYL1ZQ7I416
 |- Actor Path: /Game/ThirdPerson/Maps/ThirdPersonMap.ThirdPersonMap:PersistentLevel.ExponentialHeightFog_0
 |- Actor Package: /Game/__ExternalActors__/ThirdPerson/Maps/ThirdPersonMap/6/J7/N10XDC9G27EMLS5AGZ6AVV
 |- Actor Path: /Game/ThirdPerson/Maps/ThirdPersonMap.ThirdPersonMap:PersistentLevel.Platform1_Cam1_C_UAID_D85ED30B92C6B83502_1885791847
 |- Actor Package: /Game/__ExternalActors__/ThirdPerson/Maps/ThirdPersonMap/7/4W/V6UHUWKRE2EOB29WDSBBZH
 |- Actor Path: /Game/ThirdPerson/Maps/ThirdPersonMap.ThirdPersonMap:PersistentLevel.Platform1_Cam1_C_UAID_D85ED30B92C6BB3502_1939050380
 |- Actor Package: /Game/__ExternalActors__/ThirdPerson/Maps/ThirdPersonMap/D/OY/T8FRZ3NRPN0BMNZAX7ZH0L
 |- Actor Path: /Game/ThirdPerson/Maps/ThirdPersonMap.ThirdPersonMap:PersistentLevel.Platform1_Cam1_C_UAID_D85ED30B92C6BC3502_1297416558
 |- Actor Package: /Game/__ExternalActors__/ThirdPerson/Maps/ThirdPersonMap/E/6J/HO5P2GR32J64AH3P2ZBCSU
 |- Actor Path: /Game/ThirdPerson/Maps/ThirdPersonMap.ThirdPersonMap:PersistentLevel.Platform1_Cam1_C_UAID_D85ED30B92C6C23502_2054414617
 |- Actor Package: /Game/__ExternalActors__/ThirdPerson/Maps/ThirdPersonMap/9/SU/U6WFNV29TGXKIW0WL96X8Q
 |- Actor Path: /Game/ThirdPerson/Maps/ThirdPersonMap.ThirdPersonMap:PersistentLevel.Platform1_Cam1_C_UAID_D85ED30B92C6CF3502_1330053939
 |- Actor Package: /Game/__ExternalActors__/ThirdPerson/Maps/ThirdPersonMap/1/MN/V6RH411JSU7U0PHNJHFZ89
 |- Actor Path: /Game/ThirdPerson/Maps/ThirdPersonMap.ThirdPersonMap:PersistentLevel.Platform1_Cam2_C_UAID_D85ED30B92C6B83502_1888316848
 |- Actor Package: /Game/__ExternalActors__/ThirdPerson/Maps/ThirdPersonMap/4/VI/5VKZ1WPJ1V2WB4G4Z16BP2
 |- Actor Path: /Game/ThirdPerson/Maps/ThirdPersonMap.ThirdPersonMap:PersistentLevel.Platform1_Cam2_C_UAID_D85ED30B92C6BC3502_1265848557
 |- Actor Package: /Game/__ExternalActors__/ThirdPerson/Maps/ThirdPersonMap/6/BG/GW51JVBDX7HJ5SHV7C13T7
 |- Actor Path: /Game/ThirdPerson/Maps/ThirdPersonMap.ThirdPersonMap:PersistentLevel.Platform1_Cam2_C_UAID_D85ED30B92C6BC3502_1315036559
 |- Actor Package: /Game/__ExternalActors__/ThirdPerson/Maps/ThirdPersonMap/C/RQ/QEOFNDG2TZ6XHWC3ALVT4G
 |- Actor Path: /Game/ThirdPerson/Maps/ThirdPersonMap.ThirdPersonMap:PersistentLevel.Platform1_Cam2_C_UAID_D85ED30B92C6C63502_2101402327
 |- Actor Package: /Game/__ExternalActors__/ThirdPerson/Maps/ThirdPersonMap/7/6D/CVM48ZT117Z7KL7QUUYHLO
 |- Actor Path: /Game/ThirdPerson/Maps/ThirdPersonMap.ThirdPersonMap:PersistentLevel.PlayerStart_0
 |- Actor Package: /Game/__ExternalActors__/ThirdPerson/Maps/ThirdPersonMap/D/DE/SWSI13675DVYIZ0N4NF7Y3
 |- Actor Path: /Game/ThirdPerson/Maps/ThirdPersonMap.ThirdPersonMap:PersistentLevel.PostProcessVolume_0
 |- Actor Package: /Game/__ExternalActors__/ThirdPerson/Maps/ThirdPersonMap/1/AZ/A7GPT109Y6ZTTJD4A7TXER
 |- Actor Path: /Game/ThirdPerson/Maps/ThirdPersonMap.ThirdPersonMap:PersistentLevel.SkyAtmosphere_0
 |- Actor Package: /Game/__ExternalActors__/ThirdPerson/Maps/ThirdPersonMap/4/LN/30UBDLYFFA5ZR7U4W4L4GG
 |- Actor Path: /Game/ThirdPerson/Maps/ThirdPersonMap.ThirdPersonMap:PersistentLevel.SkyLight_1
 |- Actor Package: /Game/__ExternalActors__/ThirdPerson/Maps/ThirdPersonMap/8/S1/DXUWD12MD3HRWVVXX076BY
 |- Actor Path: /Game/ThirdPerson/Maps/ThirdPersonMap.ThirdPersonMap:PersistentLevel.SM_SlideSlope_C_UAID_D85ED30B92C6953102_1713365467
 |- Actor Package: /Game/__ExternalActors__/ThirdPerson/Maps/ThirdPersonMap/2/80/I1760GD8ATELG6S77H8E1B
 |- Actor Path: /Game/ThirdPerson/Maps/ThirdPersonMap.ThirdPersonMap:PersistentLevel.StaticMeshActor_0
 |- Actor Package: /Game/__ExternalActors__/ThirdPerson/Maps/ThirdPersonMap/A/MS/MRHJREJ6H7USQYWF1KO8F6
 |- Actor Path: /Game/ThirdPerson/Maps/ThirdPersonMap.ThirdPersonMap:PersistentLevel.StaticMeshActor_1
 |- Actor Package: /Game/__ExternalActors__/ThirdPerson/Maps/ThirdPersonMap/6/YO/NG2R9BPZVA7ZDN0Z4VSTG6
 |- Actor Path: /Game/ThirdPerson/Maps/ThirdPersonMap.ThirdPersonMap:PersistentLevel.StaticMeshActor_4
 |- Actor Package: /Game/__ExternalActors__/ThirdPerson/Maps/ThirdPersonMap/5/9Q/U98KGKQ41NJYFOGFQM8ZDY
 |- Actor Path: /Game/ThirdPerson/Maps/ThirdPersonMap.ThirdPersonMap:PersistentLevel.StaticMeshActor_5
 |- Actor Package: /Game/__ExternalActors__/ThirdPerson/Maps/ThirdPersonMap/C/QF/BY1DA5CRGQSAMOTK8RA8KR
 |- Actor Path: /Game/ThirdPerson/Maps/ThirdPersonMap.ThirdPersonMap:PersistentLevel.StaticMeshActor_UAID_A4AE111137DC5EFB00_1110535423
 |- Actor Package: /Game/__ExternalActors__/ThirdPerson/Maps/ThirdPersonMap/4/PN/2QISIGK5DJNQ05US8O8FXW
 |- Actor Path: /Game/ThirdPerson/Maps/ThirdPersonMap.ThirdPersonMap:PersistentLevel.StaticMeshActor_UAID_D85ED30B92C6953102_1499908464
 |- Actor Package: /Game/__ExternalActors__/ThirdPerson/Maps/ThirdPersonMap/C/DP/300IQNG61JIJ5GBLI351RO
 |- Actor Path: /Game/ThirdPerson/Maps/ThirdPersonMap.ThirdPersonMap:PersistentLevel.StaticMeshActor_UAID_D85ED30B92C6953102_1499910465
 |- Actor Package: /Game/__ExternalActors__/ThirdPerson/Maps/ThirdPersonMap/2/CU/W7LDR2CI6RO5QP2MKKV1QN
 |- Actor Path: /Game/ThirdPerson/Maps/ThirdPersonMap.ThirdPersonMap:PersistentLevel.StaticMeshActor_UAID_D85ED30B92C6953102_1615996466
 |- Actor Package: /Game/__ExternalActors__/ThirdPerson/Maps/ThirdPersonMap/C/O5/BOG90DOOX58A6K5MM2G42Z
 |- Actor Path: /Game/ThirdPerson/Maps/ThirdPersonMap.ThirdPersonMap:PersistentLevel.StaticMeshActor_UAID_D85ED30B92C6B83502_2067950850
 |- Actor Package: /Game/__ExternalActors__/ThirdPerson/Maps/ThirdPersonMap/B/EM/FFU49NPGH9442I32Z4JSGY
 |- Actor Path: /Game/ThirdPerson/Maps/ThirdPersonMap.ThirdPersonMap:PersistentLevel.StaticMeshActor_UAID_D85ED30B92C6BB3502_1904884379
 |- Actor Package: /Game/__ExternalActors__/ThirdPerson/Maps/ThirdPersonMap/A/9L/MT2NYPK142RTMZXWLWMHA5
 |- Actor Path: /Game/ThirdPerson/Maps/ThirdPersonMap.ThirdPersonMap:PersistentLevel.StaticMeshActor_UAID_D85ED30B92C6C23502_1987132616
 |- Actor Package: /Game/__ExternalActors__/ThirdPerson/Maps/ThirdPersonMap/1/T8/T1B9ZCZRC557EJPJCPF1SD
 |- Actor Path: /Game/ThirdPerson/Maps/ThirdPersonMap.ThirdPersonMap:PersistentLevel.StaticMeshActor_UAID_D85ED30B92C6C23502_2093330621
 |- Actor Package: /Game/__ExternalActors__/ThirdPerson/Maps/ThirdPersonMap/4/PB/DJCBX9FL8DR90XMHZ3U1NO
 |- Actor Path: /Game/ThirdPerson/Maps/ThirdPersonMap.ThirdPersonMap:PersistentLevel.StaticMeshActor_UAID_D85ED30B92C6CC3502_2058901388
 |- Actor Package: /Game/__ExternalActors__/ThirdPerson/Maps/ThirdPersonMap/E/8O/O5YGBFRPJ43RFK3BHQN6G6
 |- Actor Path: /Game/ThirdPerson/Maps/ThirdPersonMap.ThirdPersonMap:PersistentLevel.StaticMeshActor_UAID_D85ED30B92C6CC3502_2078856389
 |- Actor Package: /Game/__ExternalActors__/ThirdPerson/Maps/ThirdPersonMap/C/BB/EYGZW0W2QX9LOVKYJ6F5DE
 |- Actor Path: /Game/ThirdPerson/Maps/ThirdPersonMap.ThirdPersonMap:PersistentLevel.StaticMeshActor_UAID_D85ED30B92C6CC3502_2098797390
 |- Actor Package: /Game/__ExternalActors__/ThirdPerson/Maps/ThirdPersonMap/8/QX/TMPE7UEIBTWYPJ2ZLRJHBJ
 |- Actor Path: /Game/ThirdPerson/Maps/ThirdPersonMap.ThirdPersonMap:PersistentLevel.StaticMeshActor_UAID_D85ED30B92C6CC3502_2111526391
 |- Actor Package: /Game/__ExternalActors__/ThirdPerson/Maps/ThirdPersonMap/5/NQ/RF6B32BRFTGEEYSS8PHAP7
 |- Actor Path: /Game/ThirdPerson/Maps/ThirdPersonMap.ThirdPersonMap:PersistentLevel.StaticMeshActor_UAID_D85ED30B92C6CC3502_2111528392
 |- Actor Package: /Game/__ExternalActors__/ThirdPerson/Maps/ThirdPersonMap/1/T8/YOIDBXJ1TSQIHPOFCUDMSF
 |- Actor Path: /Game/ThirdPerson/Maps/ThirdPersonMap.ThirdPersonMap:PersistentLevel.StaticMeshActor_UAID_D85ED30B92C6CC3502_2111528393
 |- Actor Package: /Game/__ExternalActors__/ThirdPerson/Maps/ThirdPersonMap/4/EI/ERHEE5PBDGFOJJLEWRH287
 |- Actor Path: /Game/ThirdPerson/Maps/ThirdPersonMap.ThirdPersonMap:PersistentLevel.StaticMeshActor_UAID_D85ED30B92C6CC3502_2111529394
 |- Actor Package: /Game/__ExternalActors__/ThirdPerson/Maps/ThirdPersonMap/A/IW/SQ6PLD24764CKBNL8C7KUK
 |- Actor Path: /Game/ThirdPerson/Maps/ThirdPersonMap.ThirdPersonMap:PersistentLevel.StaticMeshActor_UAID_D85ED30B92C6CD3502_1132075572
 |- Actor Package: /Game/__ExternalActors__/ThirdPerson/Maps/ThirdPersonMap/9/W7/T52AR6QJZM063JZH0UC7YH
 |- Actor Path: /Game/ThirdPerson/Maps/ThirdPersonMap.ThirdPersonMap:PersistentLevel.StaticMeshActor_UAID_D85ED30B92C6CD3502_1139826573
 |- Actor Package: /Game/__ExternalActors__/ThirdPerson/Maps/ThirdPersonMap/4/7E/FXDF8EI12LKGJBDQO04TQO
 |- Actor Path: /Game/ThirdPerson/Maps/ThirdPersonMap.ThirdPersonMap:PersistentLevel.StaticMeshActor_UAID_D85ED30B92C6CD3502_1152998574
 |- Actor Package: /Game/__ExternalActors__/ThirdPerson/Maps/ThirdPersonMap/6/0J/VEOAF6BUMQN0FW8T69BOHU
 |- Actor Path: /Game/ThirdPerson/Maps/ThirdPersonMap.ThirdPersonMap:PersistentLevel.StaticMeshActor_UAID_D85ED30B92C6CD3502_1195084575
 |- Actor Package: /Game/__ExternalActors__/ThirdPerson/Maps/ThirdPersonMap/8/N1/TSJ899QZSA553031UQVLBU
 |- Actor Path: /Game/ThirdPerson/Maps/ThirdPersonMap.ThirdPersonMap:PersistentLevel.StaticMeshActor_UAID_D85ED30B92C6CD3502_1220173577
 |- Actor Package: /Game/__ExternalActors__/ThirdPerson/Maps/ThirdPersonMap/A/CK/I8HIXM4NHLML5BOUQLUAOQ
 |- Actor Path: /Game/ThirdPerson/Maps/ThirdPersonMap.ThirdPersonMap:PersistentLevel.StaticMeshActor_UAID_D85ED30B92C6CD3502_1220174578
 |- Actor Package: /Game/__ExternalActors__/ThirdPerson/Maps/ThirdPersonMap/B/V9/P36OQ8XNRGCII04KK4YKU0
 |- Actor Path: /Game/ThirdPerson/Maps/ThirdPersonMap.ThirdPersonMap:PersistentLevel.StaticMeshActor_UAID_D85ED30B92C6CD3502_1220175579
 |- Actor Package: /Game/__ExternalActors__/ThirdPerson/Maps/ThirdPersonMap/0/PF/8FHBQ8UW2ZVHOZWVHOL6XB
 |- Actor Path: /Game/ThirdPerson/Maps/ThirdPersonMap.ThirdPersonMap:PersistentLevel.StaticMeshActor_UAID_D85ED30B92C6CD3502_1220176580
 |- Actor Package: /Game/__ExternalActors__/ThirdPerson/Maps/ThirdPersonMap/D/YM/5U0UL78Q2JAWUI5UFHANZQ
 |- Actor Path: /Game/ThirdPerson/Maps/ThirdPersonMap.ThirdPersonMap:PersistentLevel.StaticMeshActor_UAID_D85ED30B92C6CD3502_1220177581
 |- Actor Package: /Game/__ExternalActors__/ThirdPerson/Maps/ThirdPersonMap/6/85/70LP5FE0RWR7SLS094KXE9
 |- Actor Path: /Game/ThirdPerson/Maps/ThirdPersonMap.ThirdPersonMap:PersistentLevel.StaticMeshActor_UAID_D85ED30B92C6CD3502_1288219582
 |- Actor Package: /Game/__ExternalActors__/ThirdPerson/Maps/ThirdPersonMap/B/77/YXWSWAL0YJ51OHNC09K6RV
 |- Actor Path: /Game/ThirdPerson/Maps/ThirdPersonMap.ThirdPersonMap:PersistentLevel.StaticMeshActor_UAID_D85ED30B92C6CD3502_1288221583
 |- Actor Package: /Game/__ExternalActors__/ThirdPerson/Maps/ThirdPersonMap/2/P3/B6RR4DMN1RVIPRUW080KVA
 |- Actor Path: /Game/ThirdPerson/Maps/ThirdPersonMap.ThirdPersonMap:PersistentLevel.StaticMeshActor_UAID_D85ED30B92C6CD3502_1288222584
 |- Actor Package: /Game/__ExternalActors__/ThirdPerson/Maps/ThirdPersonMap/E/EB/EPRR7D45F8LAYJD6MTAF4V
 |- Actor Path: /Game/ThirdPerson/Maps/ThirdPersonMap.ThirdPersonMap:PersistentLevel.StaticMeshActor_UAID_D85ED30B92C6CD3502_1301965585
 |- Actor Package: /Game/__ExternalActors__/ThirdPerson/Maps/ThirdPersonMap/6/MW/5FHSIWGLU99U8CVB97EQBG
 |- Actor Path: /Game/ThirdPerson/Maps/ThirdPersonMap.ThirdPersonMap:PersistentLevel.StaticMeshActor_UAID_D85ED30B92C6CD3502_1328874586
 |- Actor Package: /Game/__ExternalActors__/ThirdPerson/Maps/ThirdPersonMap/8/S4/1XJ1AHW2ER2GWIHLZ4G1MR
 |- Actor Path: /Game/ThirdPerson/Maps/ThirdPersonMap.ThirdPersonMap:PersistentLevel.StaticMeshActor_UAID_D85ED30B92C6CF3502_1430894941
 |- Actor Package: /Game/__ExternalActors__/ThirdPerson/Maps/ThirdPersonMap/0/VH/XWL7Y5OVXS3H28PG6U5V6Y
 |- Actor Path: /Game/ThirdPerson/Maps/ThirdPersonMap.ThirdPersonMap:PersistentLevel.StaticMeshActor_UAID_D85ED30B92C6CF3502_1630212942
 |- Actor Package: /Game/__ExternalActors__/ThirdPerson/Maps/ThirdPersonMap/6/67/0OH70BB1FI4K42VP6JICG6
 |- Actor Path: /Game/ThirdPerson/Maps/ThirdPersonMap.ThirdPersonMap:PersistentLevel.VolumetricCloud_0
 |- Actor Package: /Game/__ExternalActors__/ThirdPerson/Maps/ThirdPersonMap/3/EY/87SHEJN5UBEAN2K5OV1G6R
 |- Actor Path: /Game/ThirdPerson/Maps/ThirdPersonMap.ThirdPersonMap:PersistentLevel.WorldDataLayers
 |- Actor Package: /Game/__ExternalActors__/ThirdPerson/Maps/ThirdPersonMap/0/43/HYQWORMY4JDQ5X3OKZXFLC

----------------------------------------------------------------------------------------------------------------
ThirdPersonMap - Runtime Hash Set
----------------------------------------------------------------------------------------------------------------

