[+] Containers:
 |- [+] Container: /Game/ThirdPerson/Maps/ThirdPersonMap
 |   |- [+] ActorDescs:
 |   |   |- Guid:0724E9BB44F918D9002C3EAB9E75D4DE BaseClass: NativeClass:/Script/Engine.StaticMeshActor Name:StaticMeshActor_UAID_D85ED30B92C6D42802_1582598063 Label:Cube10 SpatiallyLoaded:1 Bounds:IsValid=true, Min=(X=1109.232 Y=2360.498 Z=749.141), Max=(X=1184.232 Y=2435.498 Z=759.141) RuntimeGrid:None EditorOnly:0 RuntimeOnly:0 HLODRelevant:1 ListedInSceneOutliner:1 IsMainWorldOnly:0 FolderPath:AlwaysOnPlatforms FolderGuid:72D06A6B48002A8CDAB3CB81B66EF0ED
 |   |   |- Guid:0DC6AC2D4F32B8F2F2672F9E69DCAF10 BaseClass: NativeClass:/Script/Engine.StaticMeshActor Name:StaticMeshActor_UAID_D85ED30B92C6D42802_1487563059 Label:Cube6 SpatiallyLoaded:1 Bounds:IsValid=true, Min=(X=1379.831 Y=2215.167 Z=749.141), Max=(X=1454.831 Y=2290.167 Z=759.141) RuntimeGrid:None EditorOnly:0 RuntimeOnly:0 HLODRelevant:1 ListedInSceneOutliner:1 IsMainWorldOnly:0 FolderPath:AlwaysOnPlatforms FolderGuid:72D06A6B48002A8CDAB3CB81B66EF0ED
 |   |   |- Guid:1200E6D74EB99A3DFDCB579B819D8AAE BaseClass:/Game/Platforms/Platform1_Cam1.Platform1_Cam1_C NativeClass:/Script/Engine.Actor Name:Platform_Cam1_C_UAID_D85ED30B92C6D42802_1604085065 Label:Platform_Cam6 SpatiallyLoaded:1 Bounds:IsValid=true, Min=(X=428.399 Y=2165.998 Z=819.465), Max=(X=435.899 Y=2540.998 Z=1194.465) RuntimeGrid:None EditorOnly:0 RuntimeOnly:0 HLODRelevant:0 ListedInSceneOutliner:1 IsMainWorldOnly:0 FolderPath:Camera1Platforms FolderGuid:DAED99B947D616ACB1DB6E9657F07722
 |   |   |- Guid:15C26AC2490E69373172FAB1F6D17435 BaseClass:/Game/Platforms/Platform1_Cam1.Platform1_Cam1_C NativeClass:/Script/Engine.Actor Name:Platform_Cam1_C_UAID_D85ED30B92C6D32802_1971349874 Label:Platform_Cam3 SpatiallyLoaded:1 Bounds:IsValid=true, Min=(X=2107.321 Y=1427.214 Z=779.059), Max=(X=2482.321 Y=1802.214 Z=786.559) RuntimeGrid:None EditorOnly:0 RuntimeOnly:0 HLODRelevant:0 ListedInSceneOutliner:1 IsMainWorldOnly:0 FolderPath:Camera1Platforms FolderGuid:DAED99B947D616ACB1DB6E9657F07722
 |   |   |- Guid:21C2908C4B248D8DFD79FEB90FEC426D BaseClass: NativeClass:/Script/Engine.StaticMeshActor Name:StaticMeshActor_UAID_D85ED30B92C6D42802_1770468068 Label:Cube13 SpatiallyLoaded:1 Bounds:IsValid=true, Min=(X=97.949 Y=2279.388 Z=968.210), Max=(X=107.949 Y=2329.388 Z=1018.210) RuntimeGrid:None EditorOnly:0 RuntimeOnly:0 HLODRelevant:1 ListedInSceneOutliner:1 IsMainWorldOnly:0 FolderPath:AlwaysOnPlatforms FolderGuid:72D06A6B48002A8CDAB3CB81B66EF0ED
 |   |   |- Guid:2FB58999456391D349DC0F86DAC136ED BaseClass: NativeClass:/Script/Engine.SkyLight Name:SkyLight_1 Label:SkyLight SpatiallyLoaded:0 Bounds:IsValid=true, Min=(X=0.000 Y=0.000 Z=690.000), Max=(X=0.000 Y=0.000 Z=690.000) RuntimeGrid:None EditorOnly:0 RuntimeOnly:0 HLODRelevant:0 ListedInSceneOutliner:1 IsMainWorldOnly:0 FolderPath:Lighting FolderGuid:963EC3EB4002CCE9759E2EBA541A873A
 |   |   |- Guid:316CF2A6494ACA4C0E4180A87D36AB8F BaseClass: NativeClass:/Script/Engine.ExponentialHeightFog Name:ExponentialHeightFog_0 Label:ExponentialHeightFog SpatiallyLoaded:0 Bounds:IsValid=true, Min=(X=-5600.000 Y=-50.000 Z=-6850.000), Max=(X=-5600.000 Y=-50.000 Z=-6850.000) RuntimeGrid:None EditorOnly:0 RuntimeOnly:0 HLODRelevant:0 ListedInSceneOutliner:1 IsMainWorldOnly:0 FolderPath:Lighting FolderGuid:963EC3EB4002CCE9759E2EBA541A873A
 |   |   |- Guid:35FD2234455424827AB9998E6B005898 BaseClass: NativeClass:/Script/Engine.StaticMeshActor Name:StaticMeshActor_UAID_D85ED30B92C6D32802_1876595873 Label:Cube2 SpatiallyLoaded:1 Bounds:IsValid=true, Min=(X=2109.349 Y=1418.671 Z=785.537), Max=(X=2479.349 Y=1428.671 Z=1135.537) RuntimeGrid:None EditorOnly:0 RuntimeOnly:0 HLODRelevant:1 ListedInSceneOutliner:1 IsMainWorldOnly:0 FolderPath:AlwaysOnPlatforms FolderGuid:72D06A6B48002A8CDAB3CB81B66EF0ED
 |   |   |- Guid:3A00AA1C422CE54C0BDB60BAF471BFBB BaseClass: NativeClass:/Script/Engine.PlayerStart Name:PlayerStart_0 Label:PlayerStart SpatiallyLoaded:0 Bounds:IsValid=true, Min=(X=448.546 Y=483.226 Z=0.013), Max=(X=528.546 Y=563.226 Z=184.013) RuntimeGrid:None EditorOnly:0 RuntimeOnly:0 HLODRelevant:0 ListedInSceneOutliner:1 IsMainWorldOnly:0
 |   |   |- Guid:43815E84492231AFC407F59E3C28176B BaseClass: NativeClass:/Script/Engine.StaticMeshActor Name:StaticMeshActor_4 Label:SM_Cube6 SpatiallyLoaded:1 Bounds:IsValid=true, Min=(X=2900.000 Y=100.000 Z=0.000), Max=(X=3000.000 Y=3400.000 Z=3150.000) RuntimeGrid:None EditorOnly:0 RuntimeOnly:0 HLODRelevant:1 ListedInSceneOutliner:1 IsMainWorldOnly:0 FolderPath:Playground FolderGuid:C73F09FC4215536B1DCE2A9E0A830C70
 |   |   |- Guid:4D3BE93F4146AAAC8BBE79999D96D57F BaseClass: NativeClass:/Script/Engine.VolumetricCloud Name:VolumetricCloud_0 Label:VolumetricCloud SpatiallyLoaded:0 Bounds:IsValid=true, Min=(X=0.000 Y=0.000 Z=820.000), Max=(X=0.000 Y=0.000 Z=820.000) RuntimeGrid:None EditorOnly:0 RuntimeOnly:0 HLODRelevant:0 ListedInSceneOutliner:1 IsMainWorldOnly:0 FolderPath:Lighting FolderGuid:963EC3EB4002CCE9759E2EBA541A873A
 |   |   |- Guid:571C960049FE55814BBE1EB58370D99F BaseClass: NativeClass:/Script/Engine.StaticMeshActor Name:StaticMeshActor_UAID_D85ED30B92C6D42802_1580177062 Label:Cube9 SpatiallyLoaded:1 Bounds:IsValid=true, Min=(X=1234.468 Y=2215.167 Z=749.141), Max=(X=1309.468 Y=2290.167 Z=759.141) RuntimeGrid:None EditorOnly:0 RuntimeOnly:0 HLODRelevant:1 ListedInSceneOutliner:1 IsMainWorldOnly:0 FolderPath:AlwaysOnPlatforms FolderGuid:72D06A6B48002A8CDAB3CB81B66EF0ED
 |   |   |- Guid:65D9385A47F5049D4D7112847A515FBF BaseClass: NativeClass:/Script/Engine.StaticMeshActor Name:StaticMeshActor_UAID_D85ED30B92C6D42802_1585170064 Label:Cube11 SpatiallyLoaded:1 Bounds:IsValid=true, Min=(X=1109.249 Y=2215.167 Z=749.141), Max=(X=1184.249 Y=2290.167 Z=759.141) RuntimeGrid:None EditorOnly:0 RuntimeOnly:0 HLODRelevant:1 ListedInSceneOutliner:1 IsMainWorldOnly:0 FolderPath:AlwaysOnPlatforms FolderGuid:72D06A6B48002A8CDAB3CB81B66EF0ED
 |   |   |- Guid:69CFCA054C02FB7A56154AA4CDE2ECF3 BaseClass:/Game/Platforms/Platform1_Cam1.Platform1_Cam1_C NativeClass:/Script/Engine.Actor Name:Platform_Cam1_C_UAID_D85ED30B92C6D32802_2113332879 Label:Platform_Cam5 SpatiallyLoaded:1 Bounds:IsValid=true, Min=(X=1781.215 Y=2050.811 Z=777.029), Max=(X=2028.006 Y=2342.899 Z=1152.029) RuntimeGrid:None EditorOnly:0 RuntimeOnly:0 HLODRelevant:0 ListedInSceneOutliner:1 IsMainWorldOnly:0 FolderPath:Camera1Platforms FolderGuid:DAED99B947D616ACB1DB6E9657F07722
 |   |   |- Guid:6BAF4DDD444C60371492D3919DB42C97 BaseClass: NativeClass:/Script/Engine.WorldDataLayers Name:WorldDataLayers Label:WorldDataLayers SpatiallyLoaded:0 Bounds:IsValid=true, Min=(X=0.000 Y=0.000 Z=0.000), Max=(X=0.000 Y=0.000 Z=0.000) RuntimeGrid:None EditorOnly:0 RuntimeOnly:0 HLODRelevant:0 ListedInSceneOutliner:1 IsMainWorldOnly:1
 |   |   |- Guid:6DC062024A62D513FC38B1B4F278C7E0 BaseClass: NativeClass:/Script/Engine.StaticMeshActor Name:StaticMeshActor_UAID_D85ED30B92C6D32802_1661901871 Label:Cube SpatiallyLoaded:1 Bounds:IsValid=true, Min=(X=1400.521 Y=350.301 Z=266.086), Max=(X=1750.521 Y=700.301 Z=276.086) RuntimeGrid:None EditorOnly:0 RuntimeOnly:0 HLODRelevant:1 ListedInSceneOutliner:1 IsMainWorldOnly:0 FolderPath:AlwaysOnPlatforms FolderGuid:72D06A6B48002A8CDAB3CB81B66EF0ED
 |   |   |- Guid:7475924E41887A9C10E3D2B4BC37DB9A BaseClass:/Game/Platforms/Platform1_Cam2.Platform1_Cam2_C NativeClass:/Script/Engine.Actor Name:Platform1_Cam2_C_UAID_D85ED30B92C6762802_1219695507 Label:Platform1_Cam2 SpatiallyLoaded:1 Bounds:IsValid=true, Min=(X=2066.241 Y=313.019 Z=424.006), Max=(X=2441.241 Y=688.019 Z=431.506) RuntimeGrid:None EditorOnly:0 RuntimeOnly:0 HLODRelevant:0 ListedInSceneOutliner:1 IsMainWorldOnly:0 FolderPath:Camera2Platforms FolderGuid:FF3DCC7E4318C42787CC448165D807D3
 |   |   |- Guid:7B7450354B3DEFD2B0B6F6ADE743FA08 BaseClass:/Game/Platforms/Platform1_Cam1.Platform1_Cam1_C NativeClass:/Script/Engine.Actor Name:Platform_Cam1_C_UAID_D85ED30B92C6D42802_1298774056 Label:Platform_Cam2 SpatiallyLoaded:1 Bounds:IsValid=true, Min=(X=2108.041 Y=1051.524 Z=778.693), Max=(X=2483.041 Y=1426.524 Z=786.193) RuntimeGrid:None EditorOnly:0 RuntimeOnly:0 HLODRelevant:0 ListedInSceneOutliner:1 IsMainWorldOnly:0 FolderPath:Camera1Platforms FolderGuid:DAED99B947D616ACB1DB6E9657F07722
 |   |   |- Guid:9ADE83284760E13136063C96CE3FD10B BaseClass: NativeClass:/Script/Engine.StaticMeshActor Name:StaticMeshActor_UAID_D85ED30B92C6D42802_1724332067 Label:Cube12 SpatiallyLoaded:1 Bounds:IsValid=true, Min=(X=97.949 Y=2279.388 Z=873.420), Max=(X=107.949 Y=2329.388 Z=923.420) RuntimeGrid:None EditorOnly:0 RuntimeOnly:0 HLODRelevant:1 ListedInSceneOutliner:1 IsMainWorldOnly:0 FolderPath:AlwaysOnPlatforms FolderGuid:72D06A6B48002A8CDAB3CB81B66EF0ED
 |   |   |- Guid:9D9D9152467EEF9714696FB5004F28F1 BaseClass: NativeClass:/Script/Engine.StaticMeshActor Name:StaticMeshActor_UAID_D85ED30B92C6D42802_1490243060 Label:Cube7 SpatiallyLoaded:1 Bounds:IsValid=true, Min=(X=1379.929 Y=2360.498 Z=749.141), Max=(X=1454.929 Y=2435.498 Z=759.141) RuntimeGrid:None EditorOnly:0 RuntimeOnly:0 HLODRelevant:1 ListedInSceneOutliner:1 IsMainWorldOnly:0 FolderPath:AlwaysOnPlatforms FolderGuid:72D06A6B48002A8CDAB3CB81B66EF0ED
 |   |   |- Guid:A56216954B2165CF0F35A886B537D536 BaseClass: NativeClass:/Script/Engine.StaticMeshActor Name:StaticMeshActor_0 Label:SM_Cube5 SpatiallyLoaded:1 Bounds:IsValid=true, Min=(X=-0.000 Y=100.000 Z=0.000), Max=(X=100.000 Y=3400.000 Z=3150.000) RuntimeGrid:None EditorOnly:0 RuntimeOnly:0 HLODRelevant:1 ListedInSceneOutliner:1 IsMainWorldOnly:0 FolderPath:Playground FolderGuid:C73F09FC4215536B1DCE2A9E0A830C70
 |   |   |- Guid:A6568B4542116C2260DBA88548EC8A9D BaseClass: NativeClass:/Script/Engine.StaticMeshActor Name:StaticMeshActor_UAID_D85ED30B92C6D52802_1140048248 Label:Cube16 SpatiallyLoaded:1 Bounds:IsValid=true, Min=(X=1654.201 Y=2248.794 Z=669.881), Max=(X=2004.201 Y=2598.794 Z=679.881) RuntimeGrid:None EditorOnly:0 RuntimeOnly:0 HLODRelevant:1 ListedInSceneOutliner:1 IsMainWorldOnly:0 FolderPath:AlwaysOnPlatforms FolderGuid:72D06A6B48002A8CDAB3CB81B66EF0ED
 |   |   |- Guid:A83960BF402B3D10B5DCDB94BB2DFF45 BaseClass: NativeClass:/Script/Engine.StaticMeshActor Name:StaticMeshActor_UAID_D85ED30B92C6D42802_1774575069 Label:Cube14 SpatiallyLoaded:1 Bounds:IsValid=true, Min=(X=97.949 Y=2405.503 Z=1048.723), Max=(X=107.949 Y=2455.503 Z=1098.723) RuntimeGrid:None EditorOnly:0 RuntimeOnly:0 HLODRelevant:1 ListedInSceneOutliner:1 IsMainWorldOnly:0 FolderPath:AlwaysOnPlatforms FolderGuid:72D06A6B48002A8CDAB3CB81B66EF0ED
 |   |   |- Guid:AC70DB48436C364987356A975DBEFA28 BaseClass:/Game/Platforms/Platform1_Cam2.Platform1_Cam2_C NativeClass:/Script/Engine.Actor Name:Platform1_Cam2_C_UAID_D85ED30B92C6D32802_1994340876 Label:Platform1_Cam3 SpatiallyLoaded:1 Bounds:IsValid=true, Min=(X=2106.335 Y=1800.865 Z=778.444), Max=(X=2481.335 Y=2175.865 Z=785.944) RuntimeGrid:None EditorOnly:0 RuntimeOnly:0 HLODRelevant:0 ListedInSceneOutliner:1 IsMainWorldOnly:0 FolderPath:Camera2Platforms FolderGuid:FF3DCC7E4318C42787CC448165D807D3
 |   |   |- Guid:B785ED2844B84CFB91E7F39FE661CD99 BaseClass: NativeClass:/Script/Engine.DirectionalLight Name:DirectionalLight_0 Label:DirectionalLight SpatiallyLoaded:0 Bounds:IsValid=true, Min=(X=-1048576.000 Y=-1048576.000 Z=-1048576.000), Max=(X=1048576.000 Y=1048576.000 Z=1048576.000) RuntimeGrid:None EditorOnly:0 RuntimeOnly:0 HLODRelevant:0 ListedInSceneOutliner:1 IsMainWorldOnly:0 FolderPath:Lighting FolderGuid:963EC3EB4002CCE9759E2EBA541A873A
 |   |   |- Guid:BC08B79C4EA3C961CFF75EBBE83B367D BaseClass: NativeClass:/Script/Engine.StaticMeshActor Name:StaticMeshActor_5 Label:SM_Cube2 SpatiallyLoaded:1 Bounds:IsValid=true, Min=(X=0.000 Y=0.000 Z=0.000), Max=(X=3000.000 Y=100.000 Z=3150.000) RuntimeGrid:None EditorOnly:0 RuntimeOnly:0 HLODRelevant:1 ListedInSceneOutliner:1 IsMainWorldOnly:0 FolderPath:Playground FolderGuid:C73F09FC4215536B1DCE2A9E0A830C70
 |   |   |- Guid:C3A2D09C41742DC9140097B633C2B63E BaseClass: NativeClass:/Script/Engine.StaticMeshActor Name:StaticMeshActor_UAID_D85ED30B92C6D42802_1450937057 Label:Cube4 SpatiallyLoaded:1 Bounds:IsValid=true, Min=(X=1531.080 Y=2360.498 Z=749.141), Max=(X=1606.080 Y=2435.498 Z=759.141) RuntimeGrid:None EditorOnly:0 RuntimeOnly:0 HLODRelevant:1 ListedInSceneOutliner:1 IsMainWorldOnly:0 FolderPath:AlwaysOnPlatforms FolderGuid:72D06A6B48002A8CDAB3CB81B66EF0ED
 |   |   |- Guid:CC49BE8B45D0C14D22AD53A6E3D3230B BaseClass: NativeClass:/Script/Engine.StaticMeshActor Name:StaticMeshActor_UAID_D85ED30B92C6D32802_1983586875 Label:Cube3 SpatiallyLoaded:1 Bounds:IsValid=true, Min=(X=2109.349 Y=1790.320 Z=785.537), Max=(X=2479.349 Y=1800.320 Z=1135.537) RuntimeGrid:None EditorOnly:0 RuntimeOnly:0 HLODRelevant:1 ListedInSceneOutliner:1 IsMainWorldOnly:0 FolderPath:AlwaysOnPlatforms FolderGuid:72D06A6B48002A8CDAB3CB81B66EF0ED
 |   |   |- Guid:CCFF262C46EEFFDF319E7F9539CE697E BaseClass: NativeClass:/Script/Engine.SkyAtmosphere Name:SkyAtmosphere_0 Label:SkyAtmosphere SpatiallyLoaded:0 Bounds:IsValid=true, Min=(X=0.000 Y=0.000 Z=1020.000), Max=(X=0.000 Y=0.000 Z=1020.000) RuntimeGrid:None EditorOnly:0 RuntimeOnly:0 HLODRelevant:0 ListedInSceneOutliner:1 IsMainWorldOnly:0 FolderPath:Lighting FolderGuid:963EC3EB4002CCE9759E2EBA541A873A
 |   |   |- Guid:CD1A09A941C66D8F0D5630883FA63543 BaseClass: NativeClass:/Script/Engine.StaticMeshActor Name:StaticMeshActor_UAID_D85ED30B92C6D42802_1483033058 Label:Cube5 SpatiallyLoaded:1 Bounds:IsValid=true, Min=(X=1531.080 Y=2215.167 Z=749.141), Max=(X=1606.080 Y=2290.167 Z=759.141) RuntimeGrid:None EditorOnly:0 RuntimeOnly:0 HLODRelevant:1 ListedInSceneOutliner:1 IsMainWorldOnly:0 FolderPath:AlwaysOnPlatforms FolderGuid:72D06A6B48002A8CDAB3CB81B66EF0ED
 |   |   |- Guid:E80CF077450423215A8661BD197A9F31 BaseClass: NativeClass:/Script/Engine.StaticMeshActor Name:StaticMeshActor_UAID_D85ED30B92C6D42802_1577749061 Label:Cube8 SpatiallyLoaded:1 Bounds:IsValid=true, Min=(X=1238.844 Y=2360.498 Z=749.141), Max=(X=1313.844 Y=2435.498 Z=759.141) RuntimeGrid:None EditorOnly:0 RuntimeOnly:0 HLODRelevant:1 ListedInSceneOutliner:1 IsMainWorldOnly:0 FolderPath:AlwaysOnPlatforms FolderGuid:72D06A6B48002A8CDAB3CB81B66EF0ED
 |   |   |- Guid:EC4E0C944CE6AC6E784BC6BB2916EA13 BaseClass: NativeClass:/Script/Engine.StaticMeshActor Name:StaticMeshActor_UAID_A4AE111137DC5EFB00_1110535423 Label:SM_SkySphere SpatiallyLoaded:0 Bounds:IsValid=true, Min=(X=-1638400.000 Y=-1638400.000 Z=-1638400.000), Max=(X=1638400.000 Y=1638400.000 Z=1638400.000) RuntimeGrid:None EditorOnly:0 RuntimeOnly:0 HLODRelevant:1 ListedInSceneOutliner:1 IsMainWorldOnly:0 FolderPath:Lighting FolderGuid:963EC3EB4002CCE9759E2EBA541A873A
 |   |   |- Guid:F1924B8D48954B30891B2DB6A694F9CC BaseClass: NativeClass:/Script/Engine.StaticMeshActor Name:StaticMeshActor_1 Label:SM_Cube SpatiallyLoaded:1 Bounds:IsValid=true, Min=(X=0.000 Y=0.000 Z=-50.000), Max=(X=3000.000 Y=3500.000 Z=0.000) RuntimeGrid:None EditorOnly:0 RuntimeOnly:0 HLODRelevant:1 ListedInSceneOutliner:1 IsMainWorldOnly:0 FolderPath:Playground FolderGuid:C73F09FC4215536B1DCE2A9E0A830C70
 |   |   |- Guid:F5A5E62848EC8523EFA5C78CE7AE2DC9 BaseClass:/Game/Platforms/Platform1_Cam1.Platform1_Cam1_C NativeClass:/Script/Engine.Actor Name:Platform_Cam1_C_UAID_D85ED30B92C6752802_1977949330 Label:Platform_Cam1 SpatiallyLoaded:1 Bounds:IsValid=true, Min=(X=699.491 Y=329.404 Z=57.016), Max=(X=1074.491 Y=704.404 Z=64.516) RuntimeGrid:None EditorOnly:0 RuntimeOnly:0 HLODRelevant:0 ListedInSceneOutliner:1 IsMainWorldOnly:0 FolderPath:Camera1Platforms FolderGuid:DAED99B947D616ACB1DB6E9657F07722
 |   |   |- Guid:F5E3FEB3450C49844FD93DA8E083C8AD BaseClass: NativeClass:/Script/Engine.PostProcessVolume Name:PostProcessVolume_0 Label:PostProcessVolume SpatiallyLoaded:0 Bounds:IsValid=true, Min=(X=0.000 Y=0.000 Z=400.000), Max=(X=200.000 Y=200.000 Z=600.000) RuntimeGrid:None EditorOnly:0 RuntimeOnly:0 HLODRelevant:0 ListedInSceneOutliner:1 IsMainWorldOnly:0 FolderPath:Lighting FolderGuid:963EC3EB4002CCE9759E2EBA541A873A
 |   |   |- Guid:FF45B93349A8E0EB6FD39FAB7CE0EE76 BaseClass: NativeClass:/Script/Engine.StaticMeshActor Name:StaticMeshActor_UAID_D85ED30B92C6D42802_1778630070 Label:Cube15 SpatiallyLoaded:1 Bounds:IsValid=true, Min=(X=97.949 Y=2281.693 Z=1135.831), Max=(X=107.949 Y=2331.693 Z=1185.831) RuntimeGrid:None EditorOnly:0 RuntimeOnly:0 HLODRelevant:1 ListedInSceneOutliner:1 IsMainWorldOnly:0 FolderPath:AlwaysOnPlatforms FolderGuid:72D06A6B48002A8CDAB3CB81B66EF0ED
 |   |   |- Guid:FF698C67459ADB4982D7759C0905EE9F BaseClass: NativeClass:/Script/Engine.StaticMeshActor Name:StaticMeshActor_6 Label:SM_Cube3 SpatiallyLoaded:1 Bounds:IsValid=true, Min=(X=0.000 Y=3400.000 Z=0.000), Max=(X=3000.000 Y=3500.000 Z=3150.000) RuntimeGrid:None EditorOnly:0 RuntimeOnly:0 HLODRelevant:1 ListedInSceneOutliner:1 IsMainWorldOnly:0 FolderPath:Playground FolderGuid:C73F09FC4215536B1DCE2A9E0A830C70
 |   |   |- Guid:FF7003D0492F8FFC8AD7618A80C1CBF4 BaseClass:/Game/Platforms/Platform1_Cam1.Platform1_Cam1_C NativeClass:/Script/Engine.Actor Name:Platform_Cam1_C_UAID_D85ED30B92C6D42802_1636145066 Label:Platform_Cam7 SpatiallyLoaded:1 Bounds:IsValid=true, Min=(X=428.491 Y=2167.441 Z=814.057), Max=(X=803.491 Y=2542.441 Z=821.557) RuntimeGrid:None EditorOnly:0 RuntimeOnly:0 HLODRelevant:0 ListedInSceneOutliner:1 IsMainWorldOnly:0 FolderPath:Camera1Platforms FolderGuid:DAED99B947D616ACB1DB6E9657F07722
 |   |- [+] Clusters:
 |   |   |- [+] [  0]
 |   |   |   |- Guid:0724E9BB44F918D9002C3EAB9E75D4DE BaseClass: NativeClass:/Script/Engine.StaticMeshActor Name:StaticMeshActor_UAID_D85ED30B92C6D42802_1582598063 Label:Cube10 SpatiallyLoaded:1 Bounds:IsValid=true, Min=(X=1109.232 Y=2360.498 Z=749.141), Max=(X=1184.232 Y=2435.498 Z=759.141) RuntimeGrid:None EditorOnly:0 RuntimeOnly:0 HLODRelevant:1 ListedInSceneOutliner:1 IsMainWorldOnly:0 FolderPath:AlwaysOnPlatforms FolderGuid:72D06A6B48002A8CDAB3CB81B66EF0ED
 |   |   |- [+] [  1]
 |   |   |   |- Guid:0DC6AC2D4F32B8F2F2672F9E69DCAF10 BaseClass: NativeClass:/Script/Engine.StaticMeshActor Name:StaticMeshActor_UAID_D85ED30B92C6D42802_1487563059 Label:Cube6 SpatiallyLoaded:1 Bounds:IsValid=true, Min=(X=1379.831 Y=2215.167 Z=749.141), Max=(X=1454.831 Y=2290.167 Z=759.141) RuntimeGrid:None EditorOnly:0 RuntimeOnly:0 HLODRelevant:1 ListedInSceneOutliner:1 IsMainWorldOnly:0 FolderPath:AlwaysOnPlatforms FolderGuid:72D06A6B48002A8CDAB3CB81B66EF0ED
 |   |   |- [+] [  2]
 |   |   |   |- Guid:1200E6D74EB99A3DFDCB579B819D8AAE BaseClass:/Game/Platforms/Platform1_Cam1.Platform1_Cam1_C NativeClass:/Script/Engine.Actor Name:Platform_Cam1_C_UAID_D85ED30B92C6D42802_1604085065 Label:Platform_Cam6 SpatiallyLoaded:1 Bounds:IsValid=true, Min=(X=428.399 Y=2165.998 Z=819.465), Max=(X=435.899 Y=2540.998 Z=1194.465) RuntimeGrid:None EditorOnly:0 RuntimeOnly:0 HLODRelevant:0 ListedInSceneOutliner:1 IsMainWorldOnly:0 FolderPath:Camera1Platforms FolderGuid:DAED99B947D616ACB1DB6E9657F07722
 |   |   |- [+] [  3]
 |   |   |   |- Guid:15C26AC2490E69373172FAB1F6D17435 BaseClass:/Game/Platforms/Platform1_Cam1.Platform1_Cam1_C NativeClass:/Script/Engine.Actor Name:Platform_Cam1_C_UAID_D85ED30B92C6D32802_1971349874 Label:Platform_Cam3 SpatiallyLoaded:1 Bounds:IsValid=true, Min=(X=2107.321 Y=1427.214 Z=779.059), Max=(X=2482.321 Y=1802.214 Z=786.559) RuntimeGrid:None EditorOnly:0 RuntimeOnly:0 HLODRelevant:0 ListedInSceneOutliner:1 IsMainWorldOnly:0 FolderPath:Camera1Platforms FolderGuid:DAED99B947D616ACB1DB6E9657F07722
 |   |   |- [+] [  4]
 |   |   |   |- Guid:21C2908C4B248D8DFD79FEB90FEC426D BaseClass: NativeClass:/Script/Engine.StaticMeshActor Name:StaticMeshActor_UAID_D85ED30B92C6D42802_1770468068 Label:Cube13 SpatiallyLoaded:1 Bounds:IsValid=true, Min=(X=97.949 Y=2279.388 Z=968.210), Max=(X=107.949 Y=2329.388 Z=1018.210) RuntimeGrid:None EditorOnly:0 RuntimeOnly:0 HLODRelevant:1 ListedInSceneOutliner:1 IsMainWorldOnly:0 FolderPath:AlwaysOnPlatforms FolderGuid:72D06A6B48002A8CDAB3CB81B66EF0ED
 |   |   |- [+] [  5]
 |   |   |   |- Guid:2FB58999456391D349DC0F86DAC136ED BaseClass: NativeClass:/Script/Engine.SkyLight Name:SkyLight_1 Label:SkyLight SpatiallyLoaded:0 Bounds:IsValid=true, Min=(X=0.000 Y=0.000 Z=690.000), Max=(X=0.000 Y=0.000 Z=690.000) RuntimeGrid:None EditorOnly:0 RuntimeOnly:0 HLODRelevant:0 ListedInSceneOutliner:1 IsMainWorldOnly:0 FolderPath:Lighting FolderGuid:963EC3EB4002CCE9759E2EBA541A873A
 |   |   |- [+] [  6]
 |   |   |   |- Guid:316CF2A6494ACA4C0E4180A87D36AB8F BaseClass: NativeClass:/Script/Engine.ExponentialHeightFog Name:ExponentialHeightFog_0 Label:ExponentialHeightFog SpatiallyLoaded:0 Bounds:IsValid=true, Min=(X=-5600.000 Y=-50.000 Z=-6850.000), Max=(X=-5600.000 Y=-50.000 Z=-6850.000) RuntimeGrid:None EditorOnly:0 RuntimeOnly:0 HLODRelevant:0 ListedInSceneOutliner:1 IsMainWorldOnly:0 FolderPath:Lighting FolderGuid:963EC3EB4002CCE9759E2EBA541A873A
 |   |   |- [+] [  7]
 |   |   |   |- Guid:35FD2234455424827AB9998E6B005898 BaseClass: NativeClass:/Script/Engine.StaticMeshActor Name:StaticMeshActor_UAID_D85ED30B92C6D32802_1876595873 Label:Cube2 SpatiallyLoaded:1 Bounds:IsValid=true, Min=(X=2109.349 Y=1418.671 Z=785.537), Max=(X=2479.349 Y=1428.671 Z=1135.537) RuntimeGrid:None EditorOnly:0 RuntimeOnly:0 HLODRelevant:1 ListedInSceneOutliner:1 IsMainWorldOnly:0 FolderPath:AlwaysOnPlatforms FolderGuid:72D06A6B48002A8CDAB3CB81B66EF0ED
 |   |   |- [+] [  8]
 |   |   |   |- Guid:3A00AA1C422CE54C0BDB60BAF471BFBB BaseClass: NativeClass:/Script/Engine.PlayerStart Name:PlayerStart_0 Label:PlayerStart SpatiallyLoaded:0 Bounds:IsValid=true, Min=(X=448.546 Y=483.226 Z=0.013), Max=(X=528.546 Y=563.226 Z=184.013) RuntimeGrid:None EditorOnly:0 RuntimeOnly:0 HLODRelevant:0 ListedInSceneOutliner:1 IsMainWorldOnly:0
 |   |   |- [+] [  9]
 |   |   |   |- Guid:43815E84492231AFC407F59E3C28176B BaseClass: NativeClass:/Script/Engine.StaticMeshActor Name:StaticMeshActor_4 Label:SM_Cube6 SpatiallyLoaded:1 Bounds:IsValid=true, Min=(X=2900.000 Y=100.000 Z=0.000), Max=(X=3000.000 Y=3400.000 Z=3150.000) RuntimeGrid:None EditorOnly:0 RuntimeOnly:0 HLODRelevant:1 ListedInSceneOutliner:1 IsMainWorldOnly:0 FolderPath:Playground FolderGuid:C73F09FC4215536B1DCE2A9E0A830C70
 |   |   |- [+] [ 10]
 |   |   |   |- Guid:4D3BE93F4146AAAC8BBE79999D96D57F BaseClass: NativeClass:/Script/Engine.VolumetricCloud Name:VolumetricCloud_0 Label:VolumetricCloud SpatiallyLoaded:0 Bounds:IsValid=true, Min=(X=0.000 Y=0.000 Z=820.000), Max=(X=0.000 Y=0.000 Z=820.000) RuntimeGrid:None EditorOnly:0 RuntimeOnly:0 HLODRelevant:0 ListedInSceneOutliner:1 IsMainWorldOnly:0 FolderPath:Lighting FolderGuid:963EC3EB4002CCE9759E2EBA541A873A
 |   |   |- [+] [ 11]
 |   |   |   |- Guid:571C960049FE55814BBE1EB58370D99F BaseClass: NativeClass:/Script/Engine.StaticMeshActor Name:StaticMeshActor_UAID_D85ED30B92C6D42802_1580177062 Label:Cube9 SpatiallyLoaded:1 Bounds:IsValid=true, Min=(X=1234.468 Y=2215.167 Z=749.141), Max=(X=1309.468 Y=2290.167 Z=759.141) RuntimeGrid:None EditorOnly:0 RuntimeOnly:0 HLODRelevant:1 ListedInSceneOutliner:1 IsMainWorldOnly:0 FolderPath:AlwaysOnPlatforms FolderGuid:72D06A6B48002A8CDAB3CB81B66EF0ED
 |   |   |- [+] [ 12]
 |   |   |   |- Guid:65D9385A47F5049D4D7112847A515FBF BaseClass: NativeClass:/Script/Engine.StaticMeshActor Name:StaticMeshActor_UAID_D85ED30B92C6D42802_1585170064 Label:Cube11 SpatiallyLoaded:1 Bounds:IsValid=true, Min=(X=1109.249 Y=2215.167 Z=749.141), Max=(X=1184.249 Y=2290.167 Z=759.141) RuntimeGrid:None EditorOnly:0 RuntimeOnly:0 HLODRelevant:1 ListedInSceneOutliner:1 IsMainWorldOnly:0 FolderPath:AlwaysOnPlatforms FolderGuid:72D06A6B48002A8CDAB3CB81B66EF0ED
 |   |   |- [+] [ 13]
 |   |   |   |- Guid:69CFCA054C02FB7A56154AA4CDE2ECF3 BaseClass:/Game/Platforms/Platform1_Cam1.Platform1_Cam1_C NativeClass:/Script/Engine.Actor Name:Platform_Cam1_C_UAID_D85ED30B92C6D32802_2113332879 Label:Platform_Cam5 SpatiallyLoaded:1 Bounds:IsValid=true, Min=(X=1781.215 Y=2050.811 Z=777.029), Max=(X=2028.006 Y=2342.899 Z=1152.029) RuntimeGrid:None EditorOnly:0 RuntimeOnly:0 HLODRelevant:0 ListedInSceneOutliner:1 IsMainWorldOnly:0 FolderPath:Camera1Platforms FolderGuid:DAED99B947D616ACB1DB6E9657F07722
 |   |   |- [+] [ 14]
 |   |   |   |- Guid:6BAF4DDD444C60371492D3919DB42C97 BaseClass: NativeClass:/Script/Engine.WorldDataLayers Name:WorldDataLayers Label:WorldDataLayers SpatiallyLoaded:0 Bounds:IsValid=true, Min=(X=0.000 Y=0.000 Z=0.000), Max=(X=0.000 Y=0.000 Z=0.000) RuntimeGrid:None EditorOnly:0 RuntimeOnly:0 HLODRelevant:0 ListedInSceneOutliner:1 IsMainWorldOnly:1
 |   |   |- [+] [ 15]
 |   |   |   |- Guid:6DC062024A62D513FC38B1B4F278C7E0 BaseClass: NativeClass:/Script/Engine.StaticMeshActor Name:StaticMeshActor_UAID_D85ED30B92C6D32802_1661901871 Label:Cube SpatiallyLoaded:1 Bounds:IsValid=true, Min=(X=1400.521 Y=350.301 Z=266.086), Max=(X=1750.521 Y=700.301 Z=276.086) RuntimeGrid:None EditorOnly:0 RuntimeOnly:0 HLODRelevant:1 ListedInSceneOutliner:1 IsMainWorldOnly:0 FolderPath:AlwaysOnPlatforms FolderGuid:72D06A6B48002A8CDAB3CB81B66EF0ED
 |   |   |- [+] [ 16]
 |   |   |   |- Guid:7475924E41887A9C10E3D2B4BC37DB9A BaseClass:/Game/Platforms/Platform1_Cam2.Platform1_Cam2_C NativeClass:/Script/Engine.Actor Name:Platform1_Cam2_C_UAID_D85ED30B92C6762802_1219695507 Label:Platform1_Cam2 SpatiallyLoaded:1 Bounds:IsValid=true, Min=(X=2066.241 Y=313.019 Z=424.006), Max=(X=2441.241 Y=688.019 Z=431.506) RuntimeGrid:None EditorOnly:0 RuntimeOnly:0 HLODRelevant:0 ListedInSceneOutliner:1 IsMainWorldOnly:0 FolderPath:Camera2Platforms FolderGuid:FF3DCC7E4318C42787CC448165D807D3
 |   |   |- [+] [ 17]
 |   |   |   |- Guid:7B7450354B3DEFD2B0B6F6ADE743FA08 BaseClass:/Game/Platforms/Platform1_Cam1.Platform1_Cam1_C NativeClass:/Script/Engine.Actor Name:Platform_Cam1_C_UAID_D85ED30B92C6D42802_1298774056 Label:Platform_Cam2 SpatiallyLoaded:1 Bounds:IsValid=true, Min=(X=2108.041 Y=1051.524 Z=778.693), Max=(X=2483.041 Y=1426.524 Z=786.193) RuntimeGrid:None EditorOnly:0 RuntimeOnly:0 HLODRelevant:0 ListedInSceneOutliner:1 IsMainWorldOnly:0 FolderPath:Camera1Platforms FolderGuid:DAED99B947D616ACB1DB6E9657F07722
 |   |   |- [+] [ 18]
 |   |   |   |- Guid:9ADE83284760E13136063C96CE3FD10B BaseClass: NativeClass:/Script/Engine.StaticMeshActor Name:StaticMeshActor_UAID_D85ED30B92C6D42802_1724332067 Label:Cube12 SpatiallyLoaded:1 Bounds:IsValid=true, Min=(X=97.949 Y=2279.388 Z=873.420), Max=(X=107.949 Y=2329.388 Z=923.420) RuntimeGrid:None EditorOnly:0 RuntimeOnly:0 HLODRelevant:1 ListedInSceneOutliner:1 IsMainWorldOnly:0 FolderPath:AlwaysOnPlatforms FolderGuid:72D06A6B48002A8CDAB3CB81B66EF0ED
 |   |   |- [+] [ 19]
 |   |   |   |- Guid:9D9D9152467EEF9714696FB5004F28F1 BaseClass: NativeClass:/Script/Engine.StaticMeshActor Name:StaticMeshActor_UAID_D85ED30B92C6D42802_1490243060 Label:Cube7 SpatiallyLoaded:1 Bounds:IsValid=true, Min=(X=1379.929 Y=2360.498 Z=749.141), Max=(X=1454.929 Y=2435.498 Z=759.141) RuntimeGrid:None EditorOnly:0 RuntimeOnly:0 HLODRelevant:1 ListedInSceneOutliner:1 IsMainWorldOnly:0 FolderPath:AlwaysOnPlatforms FolderGuid:72D06A6B48002A8CDAB3CB81B66EF0ED
 |   |   |- [+] [ 20]
 |   |   |   |- Guid:A56216954B2165CF0F35A886B537D536 BaseClass: NativeClass:/Script/Engine.StaticMeshActor Name:StaticMeshActor_0 Label:SM_Cube5 SpatiallyLoaded:1 Bounds:IsValid=true, Min=(X=-0.000 Y=100.000 Z=0.000), Max=(X=100.000 Y=3400.000 Z=3150.000) RuntimeGrid:None EditorOnly:0 RuntimeOnly:0 HLODRelevant:1 ListedInSceneOutliner:1 IsMainWorldOnly:0 FolderPath:Playground FolderGuid:C73F09FC4215536B1DCE2A9E0A830C70
 |   |   |- [+] [ 21]
 |   |   |   |- Guid:A6568B4542116C2260DBA88548EC8A9D BaseClass: NativeClass:/Script/Engine.StaticMeshActor Name:StaticMeshActor_UAID_D85ED30B92C6D52802_1140048248 Label:Cube16 SpatiallyLoaded:1 Bounds:IsValid=true, Min=(X=1654.201 Y=2248.794 Z=669.881), Max=(X=2004.201 Y=2598.794 Z=679.881) RuntimeGrid:None EditorOnly:0 RuntimeOnly:0 HLODRelevant:1 ListedInSceneOutliner:1 IsMainWorldOnly:0 FolderPath:AlwaysOnPlatforms FolderGuid:72D06A6B48002A8CDAB3CB81B66EF0ED
 |   |   |- [+] [ 22]
 |   |   |   |- Guid:A83960BF402B3D10B5DCDB94BB2DFF45 BaseClass: NativeClass:/Script/Engine.StaticMeshActor Name:StaticMeshActor_UAID_D85ED30B92C6D42802_1774575069 Label:Cube14 SpatiallyLoaded:1 Bounds:IsValid=true, Min=(X=97.949 Y=2405.503 Z=1048.723), Max=(X=107.949 Y=2455.503 Z=1098.723) RuntimeGrid:None EditorOnly:0 RuntimeOnly:0 HLODRelevant:1 ListedInSceneOutliner:1 IsMainWorldOnly:0 FolderPath:AlwaysOnPlatforms FolderGuid:72D06A6B48002A8CDAB3CB81B66EF0ED
 |   |   |- [+] [ 23]
 |   |   |   |- Guid:AC70DB48436C364987356A975DBEFA28 BaseClass:/Game/Platforms/Platform1_Cam2.Platform1_Cam2_C NativeClass:/Script/Engine.Actor Name:Platform1_Cam2_C_UAID_D85ED30B92C6D32802_1994340876 Label:Platform1_Cam3 SpatiallyLoaded:1 Bounds:IsValid=true, Min=(X=2106.335 Y=1800.865 Z=778.444), Max=(X=2481.335 Y=2175.865 Z=785.944) RuntimeGrid:None EditorOnly:0 RuntimeOnly:0 HLODRelevant:0 ListedInSceneOutliner:1 IsMainWorldOnly:0 FolderPath:Camera2Platforms FolderGuid:FF3DCC7E4318C42787CC448165D807D3
 |   |   |- [+] [ 24]
 |   |   |   |- Guid:B785ED2844B84CFB91E7F39FE661CD99 BaseClass: NativeClass:/Script/Engine.DirectionalLight Name:DirectionalLight_0 Label:DirectionalLight SpatiallyLoaded:0 Bounds:IsValid=true, Min=(X=-1048576.000 Y=-1048576.000 Z=-1048576.000), Max=(X=1048576.000 Y=1048576.000 Z=1048576.000) RuntimeGrid:None EditorOnly:0 RuntimeOnly:0 HLODRelevant:0 ListedInSceneOutliner:1 IsMainWorldOnly:0 FolderPath:Lighting FolderGuid:963EC3EB4002CCE9759E2EBA541A873A
 |   |   |- [+] [ 25]
 |   |   |   |- Guid:BC08B79C4EA3C961CFF75EBBE83B367D BaseClass: NativeClass:/Script/Engine.StaticMeshActor Name:StaticMeshActor_5 Label:SM_Cube2 SpatiallyLoaded:1 Bounds:IsValid=true, Min=(X=0.000 Y=0.000 Z=0.000), Max=(X=3000.000 Y=100.000 Z=3150.000) RuntimeGrid:None EditorOnly:0 RuntimeOnly:0 HLODRelevant:1 ListedInSceneOutliner:1 IsMainWorldOnly:0 FolderPath:Playground FolderGuid:C73F09FC4215536B1DCE2A9E0A830C70
 |   |   |- [+] [ 26]
 |   |   |   |- Guid:C3A2D09C41742DC9140097B633C2B63E BaseClass: NativeClass:/Script/Engine.StaticMeshActor Name:StaticMeshActor_UAID_D85ED30B92C6D42802_1450937057 Label:Cube4 SpatiallyLoaded:1 Bounds:IsValid=true, Min=(X=1531.080 Y=2360.498 Z=749.141), Max=(X=1606.080 Y=2435.498 Z=759.141) RuntimeGrid:None EditorOnly:0 RuntimeOnly:0 HLODRelevant:1 ListedInSceneOutliner:1 IsMainWorldOnly:0 FolderPath:AlwaysOnPlatforms FolderGuid:72D06A6B48002A8CDAB3CB81B66EF0ED
 |   |   |- [+] [ 27]
 |   |   |   |- Guid:CC49BE8B45D0C14D22AD53A6E3D3230B BaseClass: NativeClass:/Script/Engine.StaticMeshActor Name:StaticMeshActor_UAID_D85ED30B92C6D32802_1983586875 Label:Cube3 SpatiallyLoaded:1 Bounds:IsValid=true, Min=(X=2109.349 Y=1790.320 Z=785.537), Max=(X=2479.349 Y=1800.320 Z=1135.537) RuntimeGrid:None EditorOnly:0 RuntimeOnly:0 HLODRelevant:1 ListedInSceneOutliner:1 IsMainWorldOnly:0 FolderPath:AlwaysOnPlatforms FolderGuid:72D06A6B48002A8CDAB3CB81B66EF0ED
 |   |   |- [+] [ 28]
 |   |   |   |- Guid:CCFF262C46EEFFDF319E7F9539CE697E BaseClass: NativeClass:/Script/Engine.SkyAtmosphere Name:SkyAtmosphere_0 Label:SkyAtmosphere SpatiallyLoaded:0 Bounds:IsValid=true, Min=(X=0.000 Y=0.000 Z=1020.000), Max=(X=0.000 Y=0.000 Z=1020.000) RuntimeGrid:None EditorOnly:0 RuntimeOnly:0 HLODRelevant:0 ListedInSceneOutliner:1 IsMainWorldOnly:0 FolderPath:Lighting FolderGuid:963EC3EB4002CCE9759E2EBA541A873A
 |   |   |- [+] [ 29]
 |   |   |   |- Guid:CD1A09A941C66D8F0D5630883FA63543 BaseClass: NativeClass:/Script/Engine.StaticMeshActor Name:StaticMeshActor_UAID_D85ED30B92C6D42802_1483033058 Label:Cube5 SpatiallyLoaded:1 Bounds:IsValid=true, Min=(X=1531.080 Y=2215.167 Z=749.141), Max=(X=1606.080 Y=2290.167 Z=759.141) RuntimeGrid:None EditorOnly:0 RuntimeOnly:0 HLODRelevant:1 ListedInSceneOutliner:1 IsMainWorldOnly:0 FolderPath:AlwaysOnPlatforms FolderGuid:72D06A6B48002A8CDAB3CB81B66EF0ED
 |   |   |- [+] [ 30]
 |   |   |   |- Guid:E80CF077450423215A8661BD197A9F31 BaseClass: NativeClass:/Script/Engine.StaticMeshActor Name:StaticMeshActor_UAID_D85ED30B92C6D42802_1577749061 Label:Cube8 SpatiallyLoaded:1 Bounds:IsValid=true, Min=(X=1238.844 Y=2360.498 Z=749.141), Max=(X=1313.844 Y=2435.498 Z=759.141) RuntimeGrid:None EditorOnly:0 RuntimeOnly:0 HLODRelevant:1 ListedInSceneOutliner:1 IsMainWorldOnly:0 FolderPath:AlwaysOnPlatforms FolderGuid:72D06A6B48002A8CDAB3CB81B66EF0ED
 |   |   |- [+] [ 31]
 |   |   |   |- Guid:EC4E0C944CE6AC6E784BC6BB2916EA13 BaseClass: NativeClass:/Script/Engine.StaticMeshActor Name:StaticMeshActor_UAID_A4AE111137DC5EFB00_1110535423 Label:SM_SkySphere SpatiallyLoaded:0 Bounds:IsValid=true, Min=(X=-1638400.000 Y=-1638400.000 Z=-1638400.000), Max=(X=1638400.000 Y=1638400.000 Z=1638400.000) RuntimeGrid:None EditorOnly:0 RuntimeOnly:0 HLODRelevant:1 ListedInSceneOutliner:1 IsMainWorldOnly:0 FolderPath:Lighting FolderGuid:963EC3EB4002CCE9759E2EBA541A873A
 |   |   |- [+] [ 32]
 |   |   |   |- Guid:F1924B8D48954B30891B2DB6A694F9CC BaseClass: NativeClass:/Script/Engine.StaticMeshActor Name:StaticMeshActor_1 Label:SM_Cube SpatiallyLoaded:1 Bounds:IsValid=true, Min=(X=0.000 Y=0.000 Z=-50.000), Max=(X=3000.000 Y=3500.000 Z=0.000) RuntimeGrid:None EditorOnly:0 RuntimeOnly:0 HLODRelevant:1 ListedInSceneOutliner:1 IsMainWorldOnly:0 FolderPath:Playground FolderGuid:C73F09FC4215536B1DCE2A9E0A830C70
 |   |   |- [+] [ 33]
 |   |   |   |- Guid:F5A5E62848EC8523EFA5C78CE7AE2DC9 BaseClass:/Game/Platforms/Platform1_Cam1.Platform1_Cam1_C NativeClass:/Script/Engine.Actor Name:Platform_Cam1_C_UAID_D85ED30B92C6752802_1977949330 Label:Platform_Cam1 SpatiallyLoaded:1 Bounds:IsValid=true, Min=(X=699.491 Y=329.404 Z=57.016), Max=(X=1074.491 Y=704.404 Z=64.516) RuntimeGrid:None EditorOnly:0 RuntimeOnly:0 HLODRelevant:0 ListedInSceneOutliner:1 IsMainWorldOnly:0 FolderPath:Camera1Platforms FolderGuid:DAED99B947D616ACB1DB6E9657F07722
 |   |   |- [+] [ 34]
 |   |   |   |- Guid:F5E3FEB3450C49844FD93DA8E083C8AD BaseClass: NativeClass:/Script/Engine.PostProcessVolume Name:PostProcessVolume_0 Label:PostProcessVolume SpatiallyLoaded:0 Bounds:IsValid=true, Min=(X=0.000 Y=0.000 Z=400.000), Max=(X=200.000 Y=200.000 Z=600.000) RuntimeGrid:None EditorOnly:0 RuntimeOnly:0 HLODRelevant:0 ListedInSceneOutliner:1 IsMainWorldOnly:0 FolderPath:Lighting FolderGuid:963EC3EB4002CCE9759E2EBA541A873A
 |   |   |- [+] [ 35]
 |   |   |   |- Guid:FF45B93349A8E0EB6FD39FAB7CE0EE76 BaseClass: NativeClass:/Script/Engine.StaticMeshActor Name:StaticMeshActor_UAID_D85ED30B92C6D42802_1778630070 Label:Cube15 SpatiallyLoaded:1 Bounds:IsValid=true, Min=(X=97.949 Y=2281.693 Z=1135.831), Max=(X=107.949 Y=2331.693 Z=1185.831) RuntimeGrid:None EditorOnly:0 RuntimeOnly:0 HLODRelevant:1 ListedInSceneOutliner:1 IsMainWorldOnly:0 FolderPath:AlwaysOnPlatforms FolderGuid:72D06A6B48002A8CDAB3CB81B66EF0ED
 |   |   |- [+] [ 36]
 |   |   |   |- Guid:FF698C67459ADB4982D7759C0905EE9F BaseClass: NativeClass:/Script/Engine.StaticMeshActor Name:StaticMeshActor_6 Label:SM_Cube3 SpatiallyLoaded:1 Bounds:IsValid=true, Min=(X=0.000 Y=3400.000 Z=0.000), Max=(X=3000.000 Y=3500.000 Z=3150.000) RuntimeGrid:None EditorOnly:0 RuntimeOnly:0 HLODRelevant:1 ListedInSceneOutliner:1 IsMainWorldOnly:0 FolderPath:Playground FolderGuid:C73F09FC4215536B1DCE2A9E0A830C70
 |   |   |- [+] [ 37]
 |   |   |   |- Guid:FF7003D0492F8FFC8AD7618A80C1CBF4 BaseClass:/Game/Platforms/Platform1_Cam1.Platform1_Cam1_C NativeClass:/Script/Engine.Actor Name:Platform_Cam1_C_UAID_D85ED30B92C6D42802_1636145066 Label:Platform_Cam7 SpatiallyLoaded:1 Bounds:IsValid=true, Min=(X=428.491 Y=2167.441 Z=814.057), Max=(X=803.491 Y=2542.441 Z=821.557) RuntimeGrid:None EditorOnly:0 RuntimeOnly:0 HLODRelevant:0 ListedInSceneOutliner:1 IsMainWorldOnly:0 FolderPath:Camera1Platforms FolderGuid:DAED99B947D616ACB1DB6E9657F07722
 |- ContainerInstances:
 |- [+] MainContainer:
 |   |-        ID: 00000000000000000000000000000000
 |   |-  ParentID: 00000000000000000000000000000000
 |   |-    Bounds: IsValid=false, Min=(X=0.000 Y=0.000 Z=0.000), Max=(X=0.000 Y=0.000 Z=0.000)
 |   |- Transform: 0.000000,0.000000,0.000000|0.000000,0.000000,-0.000000|1.000000,1.000000,1.000000
 |   |- Container: /Game/ThirdPerson/Maps/ThirdPersonMap
----------------------------------------------------------------------------------------------------------------
ThirdPersonMap - Persistent Level
----------------------------------------------------------------------------------------------------------------
[+] Content of ThirdPersonMap Persistent Level
 |- Always loaded Actor Count: 38 
 |- Actor Path: /Game/ThirdPerson/Maps/ThirdPersonMap.ThirdPersonMap:PersistentLevel.DirectionalLight_0
 |- Actor Package: /Game/__ExternalActors__/ThirdPerson/Maps/ThirdPersonMap/5/R1/TS5OQ5CRUWFZYL1ZQ7I416
 |- Actor Path: /Game/ThirdPerson/Maps/ThirdPersonMap.ThirdPersonMap:PersistentLevel.ExponentialHeightFog_0
 |- Actor Package: /Game/__ExternalActors__/ThirdPerson/Maps/ThirdPersonMap/6/J7/N10XDC9G27EMLS5AGZ6AVV
 |- Actor Path: /Game/ThirdPerson/Maps/ThirdPersonMap.ThirdPersonMap:PersistentLevel.Platform1_Cam2_C_UAID_D85ED30B92C6762802_1219695507
 |- Actor Package: /Game/__ExternalActors__/ThirdPerson/Maps/ThirdPersonMap/D/BI/00J45FDXPDYEX6A245PSP3
 |- Actor Path: /Game/ThirdPerson/Maps/ThirdPersonMap.ThirdPersonMap:PersistentLevel.Platform1_Cam2_C_UAID_D85ED30B92C6D32802_1994340876
 |- Actor Package: /Game/__ExternalActors__/ThirdPerson/Maps/ThirdPersonMap/1/99/4MGQUFGU4KFU0HQIJK0UDT
 |- Actor Path: /Game/ThirdPerson/Maps/ThirdPersonMap.ThirdPersonMap:PersistentLevel.Platform_Cam1_C_UAID_D85ED30B92C6752802_1977949330
 |- Actor Package: /Game/__ExternalActors__/ThirdPerson/Maps/ThirdPersonMap/C/MM/TICCS74BLE0UZJL1DBDEMB
 |- Actor Path: /Game/ThirdPerson/Maps/ThirdPersonMap.ThirdPersonMap:PersistentLevel.Platform_Cam1_C_UAID_D85ED30B92C6D32802_1971349874
 |- Actor Package: /Game/__ExternalActors__/ThirdPerson/Maps/ThirdPersonMap/6/GF/HAMTOIXSL5ZCRZBY8489JI
 |- Actor Path: /Game/ThirdPerson/Maps/ThirdPersonMap.ThirdPersonMap:PersistentLevel.Platform_Cam1_C_UAID_D85ED30B92C6D32802_2113332879
 |- Actor Package: /Game/__ExternalActors__/ThirdPerson/Maps/ThirdPersonMap/9/XI/1QYRV72T762E5C37U6GY82
 |- Actor Path: /Game/ThirdPerson/Maps/ThirdPersonMap.ThirdPersonMap:PersistentLevel.Platform_Cam1_C_UAID_D85ED30B92C6D42802_1298774056
 |- Actor Package: /Game/__ExternalActors__/ThirdPerson/Maps/ThirdPersonMap/3/KL/NGJ4YUZ139VZZI7QKY06PF
 |- Actor Path: /Game/ThirdPerson/Maps/ThirdPersonMap.ThirdPersonMap:PersistentLevel.Platform_Cam1_C_UAID_D85ED30B92C6D42802_1604085065
 |- Actor Package: /Game/__ExternalActors__/ThirdPerson/Maps/ThirdPersonMap/3/0L/ETWIRIT8DYW2PS9X0OWPHQ
 |- Actor Path: /Game/ThirdPerson/Maps/ThirdPersonMap.ThirdPersonMap:PersistentLevel.Platform_Cam1_C_UAID_D85ED30B92C6D42802_1636145066
 |- Actor Package: /Game/__ExternalActors__/ThirdPerson/Maps/ThirdPersonMap/F/4Z/ESLGG0V9HBUU4IEJVP7RJK
 |- Actor Path: /Game/ThirdPerson/Maps/ThirdPersonMap.ThirdPersonMap:PersistentLevel.PlayerStart_0
 |- Actor Package: /Game/__ExternalActors__/ThirdPerson/Maps/ThirdPersonMap/D/DE/SWSI13675DVYIZ0N4NF7Y3
 |- Actor Path: /Game/ThirdPerson/Maps/ThirdPersonMap.ThirdPersonMap:PersistentLevel.PostProcessVolume_0
 |- Actor Package: /Game/__ExternalActors__/ThirdPerson/Maps/ThirdPersonMap/1/AZ/A7GPT109Y6ZTTJD4A7TXER
 |- Actor Path: /Game/ThirdPerson/Maps/ThirdPersonMap.ThirdPersonMap:PersistentLevel.SkyAtmosphere_0
 |- Actor Package: /Game/__ExternalActors__/ThirdPerson/Maps/ThirdPersonMap/4/LN/30UBDLYFFA5ZR7U4W4L4GG
 |- Actor Path: /Game/ThirdPerson/Maps/ThirdPersonMap.ThirdPersonMap:PersistentLevel.SkyLight_1
 |- Actor Package: /Game/__ExternalActors__/ThirdPerson/Maps/ThirdPersonMap/8/S1/DXUWD12MD3HRWVVXX076BY
 |- Actor Path: /Game/ThirdPerson/Maps/ThirdPersonMap.ThirdPersonMap:PersistentLevel.StaticMeshActor_0
 |- Actor Package: /Game/__ExternalActors__/ThirdPerson/Maps/ThirdPersonMap/A/MS/MRHJREJ6H7USQYWF1KO8F6
 |- Actor Path: /Game/ThirdPerson/Maps/ThirdPersonMap.ThirdPersonMap:PersistentLevel.StaticMeshActor_1
 |- Actor Package: /Game/__ExternalActors__/ThirdPerson/Maps/ThirdPersonMap/6/YO/NG2R9BPZVA7ZDN0Z4VSTG6
 |- Actor Path: /Game/ThirdPerson/Maps/ThirdPersonMap.ThirdPersonMap:PersistentLevel.StaticMeshActor_4
 |- Actor Package: /Game/__ExternalActors__/ThirdPerson/Maps/ThirdPersonMap/5/9Q/U98KGKQ41NJYFOGFQM8ZDY
 |- Actor Path: /Game/ThirdPerson/Maps/ThirdPersonMap.ThirdPersonMap:PersistentLevel.StaticMeshActor_5
 |- Actor Package: /Game/__ExternalActors__/ThirdPerson/Maps/ThirdPersonMap/C/QF/BY1DA5CRGQSAMOTK8RA8KR
 |- Actor Path: /Game/ThirdPerson/Maps/ThirdPersonMap.ThirdPersonMap:PersistentLevel.StaticMeshActor_6
 |- Actor Package: /Game/__ExternalActors__/ThirdPerson/Maps/ThirdPersonMap/D/0G/JNKFA4X9LRMSF343ESPF6Q
 |- Actor Path: /Game/ThirdPerson/Maps/ThirdPersonMap.ThirdPersonMap:PersistentLevel.StaticMeshActor_UAID_A4AE111137DC5EFB00_1110535423
 |- Actor Package: /Game/__ExternalActors__/ThirdPerson/Maps/ThirdPersonMap/4/PN/2QISIGK5DJNQ05US8O8FXW
 |- Actor Path: /Game/ThirdPerson/Maps/ThirdPersonMap.ThirdPersonMap:PersistentLevel.StaticMeshActor_UAID_D85ED30B92C6D32802_1661901871
 |- Actor Package: /Game/__ExternalActors__/ThirdPerson/Maps/ThirdPersonMap/D/RH/0R3RWPV8MGS8VKWVXO5AEC
 |- Actor Path: /Game/ThirdPerson/Maps/ThirdPersonMap.ThirdPersonMap:PersistentLevel.StaticMeshActor_UAID_D85ED30B92C6D32802_1876595873
 |- Actor Package: /Game/__ExternalActors__/ThirdPerson/Maps/ThirdPersonMap/6/R7/90CXJN17W27FA0XHCY60WV
 |- Actor Path: /Game/ThirdPerson/Maps/ThirdPersonMap.ThirdPersonMap:PersistentLevel.StaticMeshActor_UAID_D85ED30B92C6D32802_1983586875
 |- Actor Package: /Game/__ExternalActors__/ThirdPerson/Maps/ThirdPersonMap/D/94/TJUTUX5PGNMR1OPAV0XTMW
 |- Actor Path: /Game/ThirdPerson/Maps/ThirdPersonMap.ThirdPersonMap:PersistentLevel.StaticMeshActor_UAID_D85ED30B92C6D42802_1450937057
 |- Actor Package: /Game/__ExternalActors__/ThirdPerson/Maps/ThirdPersonMap/2/E0/LOTHMV9A50R7JN7RGAH4BV
 |- Actor Path: /Game/ThirdPerson/Maps/ThirdPersonMap.ThirdPersonMap:PersistentLevel.StaticMeshActor_UAID_D85ED30B92C6D42802_1483033058
 |- Actor Package: /Game/__ExternalActors__/ThirdPerson/Maps/ThirdPersonMap/C/JW/UPCDOD1N9L4JJ9DC2IWAC5
 |- Actor Path: /Game/ThirdPerson/Maps/ThirdPersonMap.ThirdPersonMap:PersistentLevel.StaticMeshActor_UAID_D85ED30B92C6D42802_1487563059
 |- Actor Package: /Game/__ExternalActors__/ThirdPerson/Maps/ThirdPersonMap/B/ZM/8BAPYM63LO953M9AZ12HQY
 |- Actor Path: /Game/ThirdPerson/Maps/ThirdPersonMap.ThirdPersonMap:PersistentLevel.StaticMeshActor_UAID_D85ED30B92C6D42802_1490243060
 |- Actor Package: /Game/__ExternalActors__/ThirdPerson/Maps/ThirdPersonMap/0/O1/FB805LTGQZ761HFMBNVTGG
 |- Actor Path: /Game/ThirdPerson/Maps/ThirdPersonMap.ThirdPersonMap:PersistentLevel.StaticMeshActor_UAID_D85ED30B92C6D42802_1577749061
 |- Actor Package: /Game/__ExternalActors__/ThirdPerson/Maps/ThirdPersonMap/0/OP/DA7X6HDBB20FZ245XHDUP6
 |- Actor Path: /Game/ThirdPerson/Maps/ThirdPersonMap.ThirdPersonMap:PersistentLevel.StaticMeshActor_UAID_D85ED30B92C6D42802_1580177062
 |- Actor Package: /Game/__ExternalActors__/ThirdPerson/Maps/ThirdPersonMap/A/S0/8670MO7GDA1IGD2FDAYMDD
 |- Actor Path: /Game/ThirdPerson/Maps/ThirdPersonMap.ThirdPersonMap:PersistentLevel.StaticMeshActor_UAID_D85ED30B92C6D42802_1582598063
 |- Actor Package: /Game/__ExternalActors__/ThirdPerson/Maps/ThirdPersonMap/A/PZ/OR42WQXKZ2EJ4SVJLIUX0B
 |- Actor Path: /Game/ThirdPerson/Maps/ThirdPersonMap.ThirdPersonMap:PersistentLevel.StaticMeshActor_UAID_D85ED30B92C6D42802_1585170064
 |- Actor Package: /Game/__ExternalActors__/ThirdPerson/Maps/ThirdPersonMap/7/5Z/7EF5TT5G36Q6B2GOOQHH6U
 |- Actor Path: /Game/ThirdPerson/Maps/ThirdPersonMap.ThirdPersonMap:PersistentLevel.StaticMeshActor_UAID_D85ED30B92C6D42802_1724332067
 |- Actor Package: /Game/__ExternalActors__/ThirdPerson/Maps/ThirdPersonMap/D/ZF/0VWA41YXM7MBJXNCUXVBN7
 |- Actor Path: /Game/ThirdPerson/Maps/ThirdPersonMap.ThirdPersonMap:PersistentLevel.StaticMeshActor_UAID_D85ED30B92C6D42802_1770468068
 |- Actor Package: /Game/__ExternalActors__/ThirdPerson/Maps/ThirdPersonMap/6/XU/RCN1C03OLHXXTD68C8P8UD
 |- Actor Path: /Game/ThirdPerson/Maps/ThirdPersonMap.ThirdPersonMap:PersistentLevel.StaticMeshActor_UAID_D85ED30B92C6D42802_1774575069
 |- Actor Package: /Game/__ExternalActors__/ThirdPerson/Maps/ThirdPersonMap/F/3C/MW2E2HDILEK7OEK3XZMQJD
 |- Actor Path: /Game/ThirdPerson/Maps/ThirdPersonMap.ThirdPersonMap:PersistentLevel.StaticMeshActor_UAID_D85ED30B92C6D42802_1778630070
 |- Actor Package: /Game/__ExternalActors__/ThirdPerson/Maps/ThirdPersonMap/4/ZR/LKYS35XHNT9XZ4X7W2A89O
 |- Actor Path: /Game/ThirdPerson/Maps/ThirdPersonMap.ThirdPersonMap:PersistentLevel.StaticMeshActor_UAID_D85ED30B92C6D52802_1140048248
 |- Actor Package: /Game/__ExternalActors__/ThirdPerson/Maps/ThirdPersonMap/F/1K/4Y1SF7YYUYGUQFLADPSRQ9
 |- Actor Path: /Game/ThirdPerson/Maps/ThirdPersonMap.ThirdPersonMap:PersistentLevel.VolumetricCloud_0
 |- Actor Package: /Game/__ExternalActors__/ThirdPerson/Maps/ThirdPersonMap/3/EY/87SHEJN5UBEAN2K5OV1G6R
 |- Actor Path: /Game/ThirdPerson/Maps/ThirdPersonMap.ThirdPersonMap:PersistentLevel.WorldDataLayers
 |- Actor Package: /Game/__ExternalActors__/ThirdPerson/Maps/ThirdPersonMap/0/43/HYQWORMY4JDQ5X3OKZXFLC

----------------------------------------------------------------------------------------------------------------
ThirdPersonMap - Runtime Hash Set
----------------------------------------------------------------------------------------------------------------

